{"/home/dev/proyectos/Spotify/src/components/Button.tsx": {"path":"/home/dev/proyectos/Spotify/src/components/Button.tsx","statementMap":{"0":{"start":{"line":19,"column":0},"end":{"line":19,"column":24}},"1":{"start":{"line":1,"column":0},"end":{"line":1,"column":29}},"2":{"start":{"line":14,"column":2},"end":{"line":14,"column":318}},"3":{"start":{"line":17,"column":2},"end":{"line":17,"column":364}},"4":{"start":{"line":19,"column":102},"end":{"line":19,"column":107}},"5":{"start":{"line":19,"column":112},"end":{"line":19,"column":127}},"6":{"start":{"line":20,"column":22},"end":{"line":20,"column":77}},"7":{"start":{"line":22,"column":2},"end":{"line":35,"column":3}},"8":{"start":{"line":23,"column":4},"end":{"line":29,"column":5}},"9":{"start":{"line":24,"column":6},"end":{"line":28,"column":8}},"10":{"start":{"line":30,"column":4},"end":{"line":34,"column":6}},"11":{"start":{"line":36,"column":2},"end":{"line":40,"column":4}}},"fnMap":{"0":{"name":"Button","decl":{"start":{"line":19,"column":24},"end":{"line":19,"column":30}},"loc":{"start":{"line":19,"column":127},"end":{"line":41,"column":1}}}},"branchMap":{"0":{"loc":{"start":{"line":19,"column":39},"end":{"line":19,"column":58}},"type":"default-arg","locations":[{"start":{"line":19,"column":49},"end":{"line":19,"column":58}}]},"1":{"loc":{"start":{"line":19,"column":60},"end":{"line":19,"column":76}},"type":"default-arg","locations":[{"start":{"line":19,"column":71},"end":{"line":19,"column":76}}]},"2":{"loc":{"start":{"line":19,"column":78},"end":{"line":19,"column":92}},"type":"default-arg","locations":[{"start":{"line":19,"column":90},"end":{"line":19,"column":92}}]},"3":{"loc":{"start":{"line":20,"column":22},"end":{"line":20,"column":77}},"type":"cond-expr","locations":[{"start":{"line":20,"column":46},"end":{"line":20,"column":60}},{"start":{"line":20,"column":63},"end":{"line":20,"column":77}}]},"4":{"loc":{"start":{"line":22,"column":2},"end":{"line":35,"column":3}},"type":"if","locations":[{"start":{"line":22,"column":2},"end":{"line":35,"column":3}},{"start":{},"end":{}}]},"5":{"loc":{"start":{"line":22,"column":6},"end":{"line":22,"column":29}},"type":"binary-expr","locations":[{"start":{"line":22,"column":6},"end":{"line":22,"column":10}},{"start":{"line":22,"column":14},"end":{"line":22,"column":29}}]},"6":{"loc":{"start":{"line":23,"column":4},"end":{"line":29,"column":5}},"type":"if","locations":[{"start":{"line":23,"column":4},"end":{"line":29,"column":5}},{"start":{},"end":{}}]}},"s":{"0":0,"1":0,"2":0,"3":0,"4":0,"5":0,"6":0,"7":0,"8":0,"9":0,"10":0,"11":0},"f":{"0":0},"b":{"0":[0],"1":[0],"2":[0],"3":[0,0],"4":[0,0],"5":[0,0],"6":[0,0]}}
,"/home/dev/proyectos/Spotify/src/components/Checkbox.tsx": {"path":"/home/dev/proyectos/Spotify/src/components/Checkbox.tsx","statementMap":{"0":{"start":{"line":8,"column":0},"end":{"line":8,"column":24}},"1":{"start":{"line":11,"column":10},"end":{"line":11,"column":null}},"2":{"start":{"line":12,"column":10},"end":{"line":13,"column":16}},"3":{"start":{"line":14,"column":2},"end":{"line":22,"column":4}},"4":{"start":{"line":19,"column":54},"end":{"line":19,"column":82}}},"fnMap":{"0":{"name":"Checkbox","decl":{"start":{"line":8,"column":24},"end":{"line":8,"column":32}},"loc":{"start":{"line":13,"column":16},"end":{"line":23,"column":1}}},"1":{"name":"(anonymous_2)","decl":{"start":{"line":19,"column":16},"end":{"line":19,"column":17}},"loc":{"start":{"line":19,"column":54},"end":{"line":19,"column":82}}}},"branchMap":{"0":{"loc":{"start":{"line":9,"column":2},"end":{"line":9,"column":16}},"type":"default-arg","locations":[{"start":{"line":9,"column":14},"end":{"line":9,"column":16}}]},"1":{"loc":{"start":{"line":19,"column":54},"end":{"line":19,"column":82}},"type":"cond-expr","locations":[{"start":{"line":19,"column":62},"end":{"line":19,"column":65}},{"start":{"line":19,"column":54},"end":{"line":19,"column":82}}]},"2":{"loc":{"start":{"line":19,"column":54},"end":{"line":19,"column":65}},"type":"binary-expr","locations":[{"start":{"line":19,"column":54},"end":{"line":19,"column":65}},{"start":{"line":19,"column":54},"end":{"line":19,"column":65}}]}},"s":{"0":0,"1":0,"2":0,"3":0,"4":0},"f":{"0":0,"1":0},"b":{"0":[0],"1":[0,0],"2":[0,0]}}
,"/home/dev/proyectos/Spotify/src/lib/spotify-auth.ts": {"path":"/home/dev/proyectos/Spotify/src/lib/spotify-auth.ts","statementMap":{"0":{"start":{"line":20,"column":0},"end":{"line":20,"column":16}},"1":{"start":{"line":26,"column":0},"end":{"line":26,"column":7}},"2":{"start":{"line":38,"column":0},"end":{"line":38,"column":16}},"3":{"start":{"line":52,"column":0},"end":{"line":52,"column":7}},"4":{"start":{"line":82,"column":0},"end":{"line":82,"column":7}},"5":{"start":{"line":108,"column":0},"end":{"line":108,"column":7}},"6":{"start":{"line":118,"column":0},"end":{"line":118,"column":7}},"7":{"start":{"line":125,"column":0},"end":{"line":125,"column":7}},"8":{"start":{"line":136,"column":0},"end":{"line":136,"column":7}},"9":{"start":{"line":1,"column":0},"end":{"line":1,"column":39}},"10":{"start":{"line":3,"column":25},"end":{"line":3,"column":65}},"11":{"start":{"line":4,"column":26},"end":{"line":4,"column":66}},"12":{"start":{"line":6,"column":15},"end":{"line":6,"column":66}},"13":{"start":{"line":8,"column":23},"end":{"line":14,"column":2}},"14":{"start":{"line":16,"column":21},"end":{"line":16,"column":37}},"15":{"start":{"line":17,"column":21},"end":{"line":17,"column":42}},"16":{"start":{"line":18,"column":24},"end":{"line":18,"column":47}},"17":{"start":{"line":21,"column":16},"end":{"line":21,"column":80}},"18":{"start":{"line":22,"column":16},"end":{"line":22,"column":62}},"19":{"start":{"line":23,"column":2},"end":{"line":23,"column":68}},"20":{"start":{"line":23,"column":34},"end":{"line":23,"column":57}},"21":{"start":{"line":27,"column":19},"end":{"line":27,"column":44}},"22":{"start":{"line":28,"column":18},"end":{"line":28,"column":35}},"23":{"start":{"line":29,"column":15},"end":{"line":29,"column":39}},"24":{"start":{"line":30,"column":17},"end":{"line":30,"column":60}},"25":{"start":{"line":31,"column":20},"end":{"line":34,"column":23}},"26":{"start":{"line":35,"column":2},"end":{"line":35,"column":33}},"27":{"start":{"line":39,"column":17},"end":{"line":48,"column":4}},"28":{"start":{"line":49,"column":2},"end":{"line":49,"column":52}},"29":{"start":{"line":53,"column":17},"end":{"line":60,"column":4}},"30":{"start":{"line":62,"column":19},"end":{"line":66,"column":4}},"31":{"start":{"line":68,"column":2},"end":{"line":71,"column":3}},"32":{"start":{"line":69,"column":18},"end":{"line":69,"column":57}},"33":{"start":{"line":69,"column":53},"end":{"line":69,"column":55}},"34":{"start":{"line":70,"column":4},"end":{"line":70,"column":90}},"35":{"start":{"line":73,"column":2},"end":{"line":79,"column":5}},"36":{"start":{"line":83,"column":17},"end":{"line":88,"column":4}},"37":{"start":{"line":90,"column":19},"end":{"line":94,"column":4}},"38":{"start":{"line":96,"column":2},"end":{"line":98,"column":3}},"39":{"start":{"line":97,"column":4},"end":{"line":97,"column":64}},"40":{"start":{"line":100,"column":2},"end":{"line":105,"column":5}},"41":{"start":{"line":113,"column":22},"end":{"line":113,"column":37}},"42":{"start":{"line":114,"column":17},"end":{"line":114,"column":54}},"43":{"start":{"line":115,"column":2},"end":{"line":115,"column":87}},"44":{"start":{"line":119,"column":22},"end":{"line":119,"column":37}},"45":{"start":{"line":120,"column":2},"end":{"line":120,"column":35}},"46":{"start":{"line":121,"column":2},"end":{"line":121,"column":35}},"47":{"start":{"line":122,"column":2},"end":{"line":122,"column":38}},"48":{"start":{"line":126,"column":22},"end":{"line":126,"column":37}},"49":{"start":{"line":127,"column":22},"end":{"line":127,"column":51}},"50":{"start":{"line":128,"column":2},"end":{"line":128,"column":32}},"51":{"start":{"line":128,"column":20},"end":{"line":128,"column":32}},"52":{"start":{"line":129,"column":2},"end":{"line":133,"column":3}},"53":{"start":{"line":130,"column":4},"end":{"line":130,"column":41}},"54":{"start":{"line":132,"column":4},"end":{"line":132,"column":16}},"55":{"start":{"line":137,"column":17},"end":{"line":137,"column":45}},"56":{"start":{"line":138,"column":2},"end":{"line":138,"column":27}},"57":{"start":{"line":138,"column":15},"end":{"line":138,"column":27}},"58":{"start":{"line":139,"column":2},"end":{"line":139,"column":56}},"59":{"start":{"line":139,"column":44},"end":{"line":139,"column":56}},"60":{"start":{"line":140,"column":2},"end":{"line":140,"column":29}}},"fnMap":{"0":{"name":"generateRandomString","decl":{"start":{"line":20,"column":16},"end":{"line":20,"column":36}},"loc":{"start":{"line":20,"column":51},"end":{"line":24,"column":1}}},"1":{"name":"(anonymous_1)","decl":{"start":{"line":23,"column":27},"end":{"line":23,"column":28}},"loc":{"start":{"line":23,"column":34},"end":{"line":23,"column":57}}},"2":{"name":"generatePKCE","decl":{"start":{"line":26,"column":22},"end":{"line":26,"column":34}},"loc":{"start":{"line":26,"column":34},"end":{"line":36,"column":1}}},"3":{"name":"getAuthUrl","decl":{"start":{"line":38,"column":16},"end":{"line":38,"column":26}},"loc":{"start":{"line":38,"column":58},"end":{"line":50,"column":1}}},"4":{"name":"exchangeCodeForTokens","decl":{"start":{"line":52,"column":22},"end":{"line":52,"column":43}},"loc":{"start":{"line":52,"column":74},"end":{"line":80,"column":1}}},"5":{"name":"(anonymous_5)","decl":{"start":{"line":69,"column":46},"end":{"line":69,"column":49}},"loc":{"start":{"line":69,"column":53},"end":{"line":69,"column":55}}},"6":{"name":"refreshAccessToken","decl":{"start":{"line":82,"column":22},"end":{"line":82,"column":40}},"loc":{"start":{"line":82,"column":61},"end":{"line":106,"column":1}}},"7":{"name":"saveTokensToCookies","decl":{"start":{"line":108,"column":22},"end":{"line":108,"column":41}},"loc":{"start":{"line":112,"column":1},"end":{"line":116,"column":1}}},"8":{"name":"clearSpotifyCookies","decl":{"start":{"line":118,"column":22},"end":{"line":118,"column":41}},"loc":{"start":{"line":118,"column":41},"end":{"line":123,"column":1}}},"9":{"name":"getTokensFromCookies","decl":{"start":{"line":125,"column":22},"end":{"line":125,"column":42}},"loc":{"start":{"line":125,"column":42},"end":{"line":134,"column":1}}},"10":{"name":"getValidAccessToken","decl":{"start":{"line":136,"column":22},"end":{"line":136,"column":41}},"loc":{"start":{"line":136,"column":41},"end":{"line":141,"column":1}}}},"branchMap":{"0":{"loc":{"start":{"line":68,"column":2},"end":{"line":71,"column":3}},"type":"if","locations":[{"start":{"line":68,"column":2},"end":{"line":71,"column":3}},{"start":{},"end":{}}]},"1":{"loc":{"start":{"line":96,"column":2},"end":{"line":98,"column":3}},"type":"if","locations":[{"start":{"line":96,"column":2},"end":{"line":98,"column":3}},{"start":{},"end":{}}]},"2":{"loc":{"start":{"line":128,"column":2},"end":{"line":128,"column":32}},"type":"if","locations":[{"start":{"line":128,"column":2},"end":{"line":128,"column":32}},{"start":{},"end":{}}]},"3":{"loc":{"start":{"line":138,"column":2},"end":{"line":138,"column":27}},"type":"if","locations":[{"start":{"line":138,"column":2},"end":{"line":138,"column":27}},{"start":{},"end":{}}]},"4":{"loc":{"start":{"line":139,"column":2},"end":{"line":139,"column":56}},"type":"if","locations":[{"start":{"line":139,"column":2},"end":{"line":139,"column":56}},{"start":{},"end":{}}]}},"s":{"0":0,"1":0,"2":0,"3":0,"4":0,"5":0,"6":0,"7":0,"8":0,"9":0,"10":0,"11":0,"12":0,"13":0,"14":0,"15":0,"16":0,"17":0,"18":0,"19":0,"20":0,"21":0,"22":0,"23":0,"24":0,"25":0,"26":0,"27":0,"28":0,"29":0,"30":0,"31":0,"32":0,"33":0,"34":0,"35":0,"36":0,"37":0,"38":0,"39":0,"40":0,"41":0,"42":0,"43":0,"44":0,"45":0,"46":0,"47":0,"48":0,"49":0,"50":0,"51":0,"52":0,"53":0,"54":0,"55":0,"56":0,"57":0,"58":0,"59":0,"60":0},"f":{"0":0,"1":0,"2":0,"3":0,"4":0,"5":0,"6":0,"7":0,"8":0,"9":0,"10":0},"b":{"0":[0,0],"1":[0,0],"2":[0,0],"3":[0,0],"4":[0,0]}}
,"/home/dev/proyectos/Spotify/src/lib/spotify.ts": {"path":"/home/dev/proyectos/Spotify/src/lib/spotify.ts","statementMap":{"0":{"start":{"line":81,"column":0},"end":{"line":81,"column":7}},"1":{"start":{"line":131,"column":0},"end":{"line":131,"column":7}},"2":{"start":{"line":163,"column":0},"end":{"line":163,"column":7}},"3":{"start":{"line":1,"column":0},"end":{"line":1,"column":73}},"4":{"start":{"line":3,"column":20},"end":{"line":3,"column":48}},"5":{"start":{"line":56,"column":2},"end":{"line":58,"column":5}},"6":{"start":{"line":62,"column":14},"end":{"line":62,"column":41}},"7":{"start":{"line":63,"column":2},"end":{"line":63,"column":26}},"8":{"start":{"line":63,"column":13},"end":{"line":63,"column":26}},"9":{"start":{"line":65,"column":23},"end":{"line":65,"column":57}},"10":{"start":{"line":66,"column":2},"end":{"line":66,"column":33}},"11":{"start":{"line":66,"column":21},"end":{"line":66,"column":33}},"12":{"start":{"line":68,"column":2},"end":{"line":78,"column":3}},"13":{"start":{"line":69,"column":22},"end":{"line":69,"column":60}},"14":{"start":{"line":70,"column":4},"end":{"line":74,"column":7}},"15":{"start":{"line":70,"column":11},"end":{"line":70,"column":41}},"16":{"start":{"line":75,"column":4},"end":{"line":75,"column":34}},"17":{"start":{"line":77,"column":4},"end":{"line":77,"column":16}},"18":{"start":{"line":82,"column":16},"end":{"line":82,"column":37}},"19":{"start":{"line":83,"column":2},"end":{"line":83,"column":24}},"20":{"start":{"line":83,"column":14},"end":{"line":83,"column":24}},"21":{"start":{"line":85,"column":39},"end":{"line":85,"column":41}},"22":{"start":{"line":86,"column":27},"end":{"line":86,"column":65}},"23":{"start":{"line":88,"column":2},"end":{"line":108,"column":3}},"24":{"start":{"line":89,"column":16},"end":{"line":89,"column":47}},"25":{"start":{"line":90,"column":4},"end":{"line":93,"column":5}},"26":{"start":{"line":91,"column":6},"end":{"line":91,"column":40}},"27":{"start":{"line":91,"column":30},"end":{"line":91,"column":40}},"28":{"start":{"line":92,"column":6},"end":{"line":92,"column":64}},"29":{"start":{"line":94,"column":17},"end":{"line":94,"column":33}},"30":{"start":{"line":95,"column":4},"end":{"line":106,"column":5}},"31":{"start":{"line":96,"column":6},"end":{"line":96,"column":39}},"32":{"start":{"line":96,"column":30},"end":{"line":96,"column":39}},"33":{"start":{"line":97,"column":6},"end":{"line":105,"column":9}},"34":{"start":{"line":107,"column":4},"end":{"line":107,"column":20}},"35":{"start":{"line":109,"column":2},"end":{"line":109,"column":19}},"36":{"start":{"line":113,"column":14},"end":{"line":113,"column":61}},"37":{"start":{"line":114,"column":2},"end":{"line":114,"column":27}},"38":{"start":{"line":114,"column":15},"end":{"line":114,"column":27}},"39":{"start":{"line":115,"column":15},"end":{"line":115,"column":31}},"40":{"start":{"line":116,"column":2},"end":{"line":116,"column":25}},"41":{"start":{"line":120,"column":22},"end":{"line":120,"column":68}},"42":{"start":{"line":120,"column":29},"end":{"line":120,"column":57}},"43":{"start":{"line":121,"column":12},"end":{"line":121,"column":45}},"44":{"start":{"line":122,"column":2},"end":{"line":122,"column":22}},"45":{"start":{"line":122,"column":10},"end":{"line":122,"column":22}},"46":{"start":{"line":123,"column":2},"end":{"line":128,"column":3}},"47":{"start":{"line":124,"column":19},"end":{"line":124,"column":38}},"48":{"start":{"line":125,"column":4},"end":{"line":125,"column":40}},"49":{"start":{"line":127,"column":4},"end":{"line":127,"column":16}},"50":{"start":{"line":132,"column":16},"end":{"line":132,"column":37}},"51":{"start":{"line":133,"column":2},"end":{"line":133,"column":54}},"52":{"start":{"line":133,"column":14},"end":{"line":133,"column":54}},"53":{"start":{"line":135,"column":14},"end":{"line":135,"column":167}},"54":{"start":{"line":136,"column":14},"end":{"line":136,"column":45}},"55":{"start":{"line":137,"column":2},"end":{"line":141,"column":3}},"56":{"start":{"line":138,"column":4},"end":{"line":138,"column":68}},"57":{"start":{"line":138,"column":28},"end":{"line":138,"column":68}},"58":{"start":{"line":139,"column":4},"end":{"line":139,"column":68}},"59":{"start":{"line":139,"column":28},"end":{"line":139,"column":68}},"60":{"start":{"line":140,"column":4},"end":{"line":140,"column":68}},"61":{"start":{"line":142,"column":15},"end":{"line":142,"column":31}},"62":{"start":{"line":144,"column":18},"end":{"line":158,"column":75}},"63":{"start":{"line":146,"column":20},"end":{"line":146,"column":45}},"64":{"start":{"line":147,"column":6},"end":{"line":147,"column":43}},"65":{"start":{"line":147,"column":31},"end":{"line":147,"column":43}},"66":{"start":{"line":148,"column":6},"end":{"line":156,"column":8}},"67":{"start":{"line":151,"column":42},"end":{"line":151,"column":48}},"68":{"start":{"line":158,"column":64},"end":{"line":158,"column":74}},"69":{"start":{"line":160,"column":2},"end":{"line":160,"column":51}},"70":{"start":{"line":164,"column":52},"end":{"line":164,"column":54}},"71":{"start":{"line":165,"column":30},"end":{"line":165,"column":34}},"72":{"start":{"line":166,"column":12},"end":{"line":166,"column":165}},"73":{"start":{"line":168,"column":16},"end":{"line":168,"column":37}},"74":{"start":{"line":169,"column":2},"end":{"line":169,"column":31}},"75":{"start":{"line":169,"column":14},"end":{"line":169,"column":31}},"76":{"start":{"line":171,"column":2},"end":{"line":192,"column":3}},"77":{"start":{"line":172,"column":16},"end":{"line":172,"column":47}},"78":{"start":{"line":173,"column":4},"end":{"line":173,"column":23}},"79":{"start":{"line":173,"column":17},"end":{"line":173,"column":23}},"80":{"start":{"line":174,"column":17},"end":{"line":174,"column":33}},"81":{"start":{"line":175,"column":20},"end":{"line":189,"column":77}},"82":{"start":{"line":177,"column":22},"end":{"line":177,"column":47}},"83":{"start":{"line":178,"column":8},"end":{"line":178,"column":45}},"84":{"start":{"line":178,"column":33},"end":{"line":178,"column":45}},"85":{"start":{"line":179,"column":8},"end":{"line":187,"column":10}},"86":{"start":{"line":182,"column":44},"end":{"line":182,"column":50}},"87":{"start":{"line":189,"column":66},"end":{"line":189,"column":76}},"88":{"start":{"line":190,"column":4},"end":{"line":190,"column":30}},"89":{"start":{"line":191,"column":4},"end":{"line":191,"column":28}},"90":{"start":{"line":193,"column":2},"end":{"line":193,"column":19}}},"fnMap":{"0":{"name":"fetchWithAuth","decl":{"start":{"line":55,"column":15},"end":{"line":55,"column":28}},"loc":{"start":{"line":55,"column":61},"end":{"line":59,"column":1}}},"1":{"name":"getValidToken","decl":{"start":{"line":61,"column":15},"end":{"line":61,"column":28}},"loc":{"start":{"line":61,"column":28},"end":{"line":79,"column":1}}},"2":{"name":"(anonymous_11)","decl":{"start":{"line":70,"column":11},"end":{"line":70,"column":24}},"loc":{"start":{"line":70,"column":11},"end":{"line":70,"column":41}}},"3":{"name":"getSpotifyPlaylists","decl":{"start":{"line":81,"column":22},"end":{"line":81,"column":41}},"loc":{"start":{"line":81,"column":41},"end":{"line":110,"column":1}}},"4":{"name":"getCurrentUserId","decl":{"start":{"line":112,"column":15},"end":{"line":112,"column":31}},"loc":{"start":{"line":112,"column":45},"end":{"line":117,"column":1}}},"5":{"name":"getRefreshTokenFromCookies","decl":{"start":{"line":119,"column":15},"end":{"line":119,"column":41}},"loc":{"start":{"line":119,"column":41},"end":{"line":129,"column":1}}},"6":{"name":"(anonymous_15)","decl":{"start":{"line":120,"column":29},"end":{"line":120,"column":42}},"loc":{"start":{"line":120,"column":29},"end":{"line":120,"column":57}}},"7":{"name":"getPlaylistTracks","decl":{"start":{"line":131,"column":22},"end":{"line":131,"column":39}},"loc":{"start":{"line":131,"column":58},"end":{"line":161,"column":1}}},"8":{"name":"(anonymous_17)","decl":{"start":{"line":145,"column":9},"end":{"line":145,"column":10}},"loc":{"start":{"line":145,"column":19},"end":{"line":157,"column":5}}},"9":{"name":"(anonymous_18)","decl":{"start":{"line":151,"column":35},"end":{"line":151,"column":36}},"loc":{"start":{"line":151,"column":42},"end":{"line":151,"column":48}}},"10":{"name":"(anonymous_19)","decl":{"start":{"line":158,"column":12},"end":{"line":158,"column":13}},"loc":{"start":{"line":158,"column":64},"end":{"line":158,"column":74}}},"11":{"name":"getAllPlaylistTracks","decl":{"start":{"line":163,"column":22},"end":{"line":163,"column":42}},"loc":{"start":{"line":163,"column":61},"end":{"line":194,"column":1}}},"12":{"name":"(anonymous_21)","decl":{"start":{"line":176,"column":11},"end":{"line":176,"column":12}},"loc":{"start":{"line":176,"column":21},"end":{"line":188,"column":7}}},"13":{"name":"(anonymous_22)","decl":{"start":{"line":182,"column":37},"end":{"line":182,"column":38}},"loc":{"start":{"line":182,"column":44},"end":{"line":182,"column":50}}},"14":{"name":"(anonymous_23)","decl":{"start":{"line":189,"column":14},"end":{"line":189,"column":15}},"loc":{"start":{"line":189,"column":66},"end":{"line":189,"column":76}}}},"branchMap":{"0":{"loc":{"start":{"line":63,"column":2},"end":{"line":63,"column":26}},"type":"if","locations":[{"start":{"line":63,"column":2},"end":{"line":63,"column":26}},{"start":{},"end":{}}]},"1":{"loc":{"start":{"line":66,"column":2},"end":{"line":66,"column":33}},"type":"if","locations":[{"start":{"line":66,"column":2},"end":{"line":66,"column":33}},{"start":{},"end":{}}]},"2":{"loc":{"start":{"line":83,"column":2},"end":{"line":83,"column":24}},"type":"if","locations":[{"start":{"line":83,"column":2},"end":{"line":83,"column":24}},{"start":{},"end":{}}]},"3":{"loc":{"start":{"line":90,"column":4},"end":{"line":93,"column":5}},"type":"if","locations":[{"start":{"line":90,"column":4},"end":{"line":93,"column":5}},{"start":{},"end":{}}]},"4":{"loc":{"start":{"line":91,"column":6},"end":{"line":91,"column":40}},"type":"if","locations":[{"start":{"line":91,"column":6},"end":{"line":91,"column":40}},{"start":{},"end":{}}]},"5":{"loc":{"start":{"line":96,"column":6},"end":{"line":96,"column":39}},"type":"if","locations":[{"start":{"line":96,"column":6},"end":{"line":96,"column":39}},{"start":{},"end":{}}]},"6":{"loc":{"start":{"line":96,"column":10},"end":{"line":96,"column":28}},"type":"binary-expr","locations":[{"start":{"line":96,"column":10},"end":{"line":96,"column":16}},{"start":{"line":96,"column":20},"end":{"line":96,"column":28}}]},"7":{"loc":{"start":{"line":100,"column":18},"end":{"line":100,"column":45}},"type":"cond-expr","locations":[{"start":{"line":100,"column":37},"end":{"line":100,"column":41}},{"start":{"line":100,"column":41},"end":{"line":100,"column":45}}]},"8":{"loc":{"start":{"line":100,"column":18},"end":{"line":100,"column":41}},"type":"binary-expr","locations":[{"start":{"line":100,"column":18},"end":{"line":100,"column":41}},{"start":{"line":100,"column":37},"end":{"line":100,"column":41}}]},"9":{"loc":{"start":{"line":100,"column":18},"end":{"line":100,"column":37}},"type":"cond-expr","locations":[{"start":{"line":100,"column":32},"end":{"line":100,"column":34}},{"start":{"line":100,"column":32},"end":{"line":100,"column":37}}]},"10":{"loc":{"start":{"line":100,"column":18},"end":{"line":100,"column":34}},"type":"binary-expr","locations":[{"start":{"line":100,"column":18},"end":{"line":100,"column":34}},{"start":{"line":100,"column":32},"end":{"line":100,"column":34}}]},"11":{"loc":{"start":{"line":100,"column":18},"end":{"line":100,"column":32}},"type":"cond-expr","locations":[{"start":{"line":100,"column":27},"end":{"line":100,"column":30}},{"start":{"line":100,"column":27},"end":{"line":100,"column":32}}]},"12":{"loc":{"start":{"line":100,"column":18},"end":{"line":100,"column":30}},"type":"binary-expr","locations":[{"start":{"line":100,"column":18},"end":{"line":100,"column":30}},{"start":{"line":100,"column":27},"end":{"line":100,"column":30}}]},"13":{"loc":{"start":{"line":101,"column":21},"end":{"line":101,"column":61}},"type":"cond-expr","locations":[{"start":{"line":101,"column":56},"end":{"line":101,"column":60}},{"start":{"line":101,"column":60},"end":{"line":101,"column":61}}]},"14":{"loc":{"start":{"line":101,"column":21},"end":{"line":101,"column":60}},"type":"binary-expr","locations":[{"start":{"line":101,"column":21},"end":{"line":101,"column":60}},{"start":{"line":101,"column":56},"end":{"line":101,"column":60}}]},"15":{"loc":{"start":{"line":101,"column":21},"end":{"line":101,"column":56}},"type":"cond-expr","locations":[{"start":{"line":101,"column":37},"end":{"line":101,"column":41}},{"start":{"line":101,"column":41},"end":{"line":101,"column":56}}]},"16":{"loc":{"start":{"line":101,"column":21},"end":{"line":101,"column":41}},"type":"binary-expr","locations":[{"start":{"line":101,"column":21},"end":{"line":101,"column":41}},{"start":{"line":101,"column":37},"end":{"line":101,"column":41}}]},"17":{"loc":{"start":{"line":101,"column":21},"end":{"line":101,"column":37}},"type":"cond-expr","locations":[{"start":{"line":101,"column":30},"end":{"line":101,"column":32}},{"start":{"line":101,"column":30},"end":{"line":101,"column":37}}]},"18":{"loc":{"start":{"line":101,"column":21},"end":{"line":101,"column":32}},"type":"binary-expr","locations":[{"start":{"line":101,"column":21},"end":{"line":101,"column":32}},{"start":{"line":101,"column":30},"end":{"line":101,"column":32}}]},"19":{"loc":{"start":{"line":101,"column":41},"end":{"line":101,"column":56}},"type":"cond-expr","locations":[{"start":{"line":101,"column":49},"end":{"line":101,"column":51}},{"start":{"line":101,"column":49},"end":{"line":101,"column":56}}]},"20":{"loc":{"start":{"line":101,"column":41},"end":{"line":101,"column":51}},"type":"binary-expr","locations":[{"start":{"line":101,"column":41},"end":{"line":101,"column":51}},{"start":{"line":101,"column":49},"end":{"line":101,"column":51}}]},"21":{"loc":{"start":{"line":102,"column":19},"end":{"line":102,"column":58}},"type":"cond-expr","locations":[{"start":{"line":102,"column":41},"end":{"line":102,"column":45}},{"start":{"line":102,"column":45},"end":{"line":102,"column":58}}]},"22":{"loc":{"start":{"line":102,"column":19},"end":{"line":102,"column":45}},"type":"binary-expr","locations":[{"start":{"line":102,"column":19},"end":{"line":102,"column":45}},{"start":{"line":102,"column":41},"end":{"line":102,"column":45}}]},"23":{"loc":{"start":{"line":102,"column":19},"end":{"line":102,"column":41}},"type":"cond-expr","locations":[{"start":{"line":102,"column":27},"end":{"line":102,"column":29}},{"start":{"line":102,"column":27},"end":{"line":102,"column":41}}]},"24":{"loc":{"start":{"line":102,"column":19},"end":{"line":102,"column":29}},"type":"binary-expr","locations":[{"start":{"line":102,"column":19},"end":{"line":102,"column":29}},{"start":{"line":102,"column":27},"end":{"line":102,"column":29}}]},"25":{"loc":{"start":{"line":103,"column":17},"end":{"line":103,"column":29}},"type":"cond-expr","locations":[{"start":{"line":103,"column":25},"end":{"line":103,"column":27}},{"start":{"line":103,"column":25},"end":{"line":103,"column":29}}]},"26":{"loc":{"start":{"line":103,"column":17},"end":{"line":103,"column":27}},"type":"binary-expr","locations":[{"start":{"line":103,"column":17},"end":{"line":103,"column":27}},{"start":{"line":103,"column":25},"end":{"line":103,"column":27}}]},"27":{"loc":{"start":{"line":104,"column":23},"end":{"line":104,"column":48}},"type":"cond-expr","locations":[{"start":{"line":104,"column":39},"end":{"line":104,"column":43}},{"start":{"line":104,"column":43},"end":{"line":104,"column":48}}]},"28":{"loc":{"start":{"line":104,"column":23},"end":{"line":104,"column":43}},"type":"binary-expr","locations":[{"start":{"line":104,"column":23},"end":{"line":104,"column":43}},{"start":{"line":104,"column":39},"end":{"line":104,"column":43}}]},"29":{"loc":{"start":{"line":114,"column":2},"end":{"line":114,"column":27}},"type":"if","locations":[{"start":{"line":114,"column":2},"end":{"line":114,"column":27}},{"start":{},"end":{}}]},"30":{"loc":{"start":{"line":116,"column":9},"end":{"line":116,"column":24}},"type":"cond-expr","locations":[{"start":{"line":116,"column":16},"end":{"line":116,"column":20}},{"start":{"line":116,"column":20},"end":{"line":116,"column":24}}]},"31":{"loc":{"start":{"line":116,"column":9},"end":{"line":116,"column":20}},"type":"binary-expr","locations":[{"start":{"line":116,"column":9},"end":{"line":116,"column":20}},{"start":{"line":116,"column":16},"end":{"line":116,"column":20}}]},"32":{"loc":{"start":{"line":122,"column":2},"end":{"line":122,"column":22}},"type":"if","locations":[{"start":{"line":122,"column":2},"end":{"line":122,"column":22}},{"start":{},"end":{}}]},"33":{"loc":{"start":{"line":125,"column":11},"end":{"line":125,"column":39}},"type":"cond-expr","locations":[{"start":{"line":125,"column":31},"end":{"line":125,"column":35}},{"start":{"line":125,"column":35},"end":{"line":125,"column":39}}]},"34":{"loc":{"start":{"line":125,"column":11},"end":{"line":125,"column":35}},"type":"binary-expr","locations":[{"start":{"line":125,"column":11},"end":{"line":125,"column":35}},{"start":{"line":125,"column":31},"end":{"line":125,"column":35}}]},"35":{"loc":{"start":{"line":133,"column":2},"end":{"line":133,"column":54}},"type":"if","locations":[{"start":{"line":133,"column":2},"end":{"line":133,"column":54}},{"start":{},"end":{}}]},"36":{"loc":{"start":{"line":137,"column":2},"end":{"line":141,"column":3}},"type":"if","locations":[{"start":{"line":137,"column":2},"end":{"line":141,"column":3}},{"start":{},"end":{}}]},"37":{"loc":{"start":{"line":138,"column":4},"end":{"line":138,"column":68}},"type":"if","locations":[{"start":{"line":138,"column":4},"end":{"line":138,"column":68}},{"start":{},"end":{}}]},"38":{"loc":{"start":{"line":139,"column":4},"end":{"line":139,"column":68}},"type":"if","locations":[{"start":{"line":139,"column":4},"end":{"line":139,"column":68}},{"start":{},"end":{}}]},"39":{"loc":{"start":{"line":146,"column":20},"end":{"line":146,"column":45}},"type":"cond-expr","locations":[{"start":{"line":146,"column":30},"end":{"line":146,"column":34}},{"start":{"line":146,"column":34},"end":{"line":146,"column":45}}]},"40":{"loc":{"start":{"line":146,"column":20},"end":{"line":146,"column":34}},"type":"binary-expr","locations":[{"start":{"line":146,"column":20},"end":{"line":146,"column":34}},{"start":{"line":146,"column":30},"end":{"line":146,"column":34}}]},"41":{"loc":{"start":{"line":147,"column":6},"end":{"line":147,"column":43}},"type":"if","locations":[{"start":{"line":147,"column":6},"end":{"line":147,"column":43}},{"start":{},"end":{}}]},"42":{"loc":{"start":{"line":147,"column":10},"end":{"line":147,"column":29}},"type":"binary-expr","locations":[{"start":{"line":147,"column":10},"end":{"line":147,"column":16}},{"start":{"line":147,"column":20},"end":{"line":147,"column":29}}]},"43":{"loc":{"start":{"line":152,"column":15},"end":{"line":152,"column":38}},"type":"cond-expr","locations":[{"start":{"line":152,"column":32},"end":{"line":152,"column":36}},{"start":{"line":152,"column":36},"end":{"line":152,"column":38}}]},"44":{"loc":{"start":{"line":152,"column":15},"end":{"line":152,"column":36}},"type":"binary-expr","locations":[{"start":{"line":152,"column":15},"end":{"line":152,"column":36}},{"start":{"line":152,"column":32},"end":{"line":152,"column":36}}]},"45":{"loc":{"start":{"line":152,"column":15},"end":{"line":152,"column":32}},"type":"cond-expr","locations":[{"start":{"line":152,"column":26},"end":{"line":152,"column":28}},{"start":{"line":152,"column":26},"end":{"line":152,"column":32}}]},"46":{"loc":{"start":{"line":152,"column":15},"end":{"line":152,"column":28}},"type":"binary-expr","locations":[{"start":{"line":152,"column":15},"end":{"line":152,"column":28}},{"start":{"line":152,"column":26},"end":{"line":152,"column":28}}]},"47":{"loc":{"start":{"line":153,"column":23},"end":{"line":153,"column":60}},"type":"cond-expr","locations":[{"start":{"line":153,"column":52},"end":{"line":153,"column":56}},{"start":{"line":153,"column":56},"end":{"line":153,"column":60}}]},"48":{"loc":{"start":{"line":153,"column":23},"end":{"line":153,"column":56}},"type":"binary-expr","locations":[{"start":{"line":153,"column":23},"end":{"line":153,"column":56}},{"start":{"line":153,"column":52},"end":{"line":153,"column":56}}]},"49":{"loc":{"start":{"line":153,"column":23},"end":{"line":153,"column":52}},"type":"cond-expr","locations":[{"start":{"line":153,"column":47},"end":{"line":153,"column":49}},{"start":{"line":153,"column":47},"end":{"line":153,"column":52}}]},"50":{"loc":{"start":{"line":153,"column":23},"end":{"line":153,"column":49}},"type":"binary-expr","locations":[{"start":{"line":153,"column":23},"end":{"line":153,"column":49}},{"start":{"line":153,"column":47},"end":{"line":153,"column":49}}]},"51":{"loc":{"start":{"line":153,"column":23},"end":{"line":153,"column":47}},"type":"cond-expr","locations":[{"start":{"line":153,"column":42},"end":{"line":153,"column":45}},{"start":{"line":153,"column":42},"end":{"line":153,"column":47}}]},"52":{"loc":{"start":{"line":153,"column":23},"end":{"line":153,"column":45}},"type":"binary-expr","locations":[{"start":{"line":153,"column":23},"end":{"line":153,"column":45}},{"start":{"line":153,"column":42},"end":{"line":153,"column":45}}]},"53":{"loc":{"start":{"line":153,"column":23},"end":{"line":153,"column":42}},"type":"cond-expr","locations":[{"start":{"line":153,"column":34},"end":{"line":153,"column":36}},{"start":{"line":153,"column":34},"end":{"line":153,"column":42}}]},"54":{"loc":{"start":{"line":153,"column":23},"end":{"line":153,"column":36}},"type":"binary-expr","locations":[{"start":{"line":153,"column":23},"end":{"line":153,"column":36}},{"start":{"line":153,"column":34},"end":{"line":153,"column":36}}]},"55":{"loc":{"start":{"line":154,"column":14},"end":{"line":154,"column":46}},"type":"cond-expr","locations":[{"start":{"line":154,"column":38},"end":{"line":154,"column":42}},{"start":{"line":154,"column":42},"end":{"line":154,"column":46}}]},"56":{"loc":{"start":{"line":154,"column":14},"end":{"line":154,"column":42}},"type":"binary-expr","locations":[{"start":{"line":154,"column":14},"end":{"line":154,"column":42}},{"start":{"line":154,"column":38},"end":{"line":154,"column":42}}]},"57":{"loc":{"start":{"line":154,"column":14},"end":{"line":154,"column":38}},"type":"cond-expr","locations":[{"start":{"line":154,"column":32},"end":{"line":154,"column":34}},{"start":{"line":154,"column":32},"end":{"line":154,"column":38}}]},"58":{"loc":{"start":{"line":154,"column":14},"end":{"line":154,"column":34}},"type":"binary-expr","locations":[{"start":{"line":154,"column":14},"end":{"line":154,"column":34}},{"start":{"line":154,"column":32},"end":{"line":154,"column":34}}]},"59":{"loc":{"start":{"line":160,"column":31},"end":{"line":160,"column":48}},"type":"cond-expr","locations":[{"start":{"line":160,"column":40},"end":{"line":160,"column":44}},{"start":{"line":160,"column":44},"end":{"line":160,"column":48}}]},"60":{"loc":{"start":{"line":160,"column":31},"end":{"line":160,"column":44}},"type":"binary-expr","locations":[{"start":{"line":160,"column":31},"end":{"line":160,"column":44}},{"start":{"line":160,"column":40},"end":{"line":160,"column":44}}]},"61":{"loc":{"start":{"line":169,"column":2},"end":{"line":169,"column":31}},"type":"if","locations":[{"start":{"line":169,"column":2},"end":{"line":169,"column":31}},{"start":{},"end":{}}]},"62":{"loc":{"start":{"line":173,"column":4},"end":{"line":173,"column":23}},"type":"if","locations":[{"start":{"line":173,"column":4},"end":{"line":173,"column":23}},{"start":{},"end":{}}]},"63":{"loc":{"start":{"line":177,"column":22},"end":{"line":177,"column":47}},"type":"cond-expr","locations":[{"start":{"line":177,"column":32},"end":{"line":177,"column":36}},{"start":{"line":177,"column":36},"end":{"line":177,"column":47}}]},"64":{"loc":{"start":{"line":177,"column":22},"end":{"line":177,"column":36}},"type":"binary-expr","locations":[{"start":{"line":177,"column":22},"end":{"line":177,"column":36}},{"start":{"line":177,"column":32},"end":{"line":177,"column":36}}]},"65":{"loc":{"start":{"line":178,"column":8},"end":{"line":178,"column":45}},"type":"if","locations":[{"start":{"line":178,"column":8},"end":{"line":178,"column":45}},{"start":{},"end":{}}]},"66":{"loc":{"start":{"line":178,"column":12},"end":{"line":178,"column":31}},"type":"binary-expr","locations":[{"start":{"line":178,"column":12},"end":{"line":178,"column":18}},{"start":{"line":178,"column":22},"end":{"line":178,"column":31}}]},"67":{"loc":{"start":{"line":183,"column":17},"end":{"line":183,"column":40}},"type":"cond-expr","locations":[{"start":{"line":183,"column":34},"end":{"line":183,"column":38}},{"start":{"line":183,"column":38},"end":{"line":183,"column":40}}]},"68":{"loc":{"start":{"line":183,"column":17},"end":{"line":183,"column":38}},"type":"binary-expr","locations":[{"start":{"line":183,"column":17},"end":{"line":183,"column":38}},{"start":{"line":183,"column":34},"end":{"line":183,"column":38}}]},"69":{"loc":{"start":{"line":183,"column":17},"end":{"line":183,"column":34}},"type":"cond-expr","locations":[{"start":{"line":183,"column":28},"end":{"line":183,"column":30}},{"start":{"line":183,"column":28},"end":{"line":183,"column":34}}]},"70":{"loc":{"start":{"line":183,"column":17},"end":{"line":183,"column":30}},"type":"binary-expr","locations":[{"start":{"line":183,"column":17},"end":{"line":183,"column":30}},{"start":{"line":183,"column":28},"end":{"line":183,"column":30}}]},"71":{"loc":{"start":{"line":184,"column":25},"end":{"line":184,"column":62}},"type":"cond-expr","locations":[{"start":{"line":184,"column":54},"end":{"line":184,"column":58}},{"start":{"line":184,"column":58},"end":{"line":184,"column":62}}]},"72":{"loc":{"start":{"line":184,"column":25},"end":{"line":184,"column":58}},"type":"binary-expr","locations":[{"start":{"line":184,"column":25},"end":{"line":184,"column":58}},{"start":{"line":184,"column":54},"end":{"line":184,"column":58}}]},"73":{"loc":{"start":{"line":184,"column":25},"end":{"line":184,"column":54}},"type":"cond-expr","locations":[{"start":{"line":184,"column":49},"end":{"line":184,"column":51}},{"start":{"line":184,"column":49},"end":{"line":184,"column":54}}]},"74":{"loc":{"start":{"line":184,"column":25},"end":{"line":184,"column":51}},"type":"binary-expr","locations":[{"start":{"line":184,"column":25},"end":{"line":184,"column":51}},{"start":{"line":184,"column":49},"end":{"line":184,"column":51}}]},"75":{"loc":{"start":{"line":184,"column":25},"end":{"line":184,"column":49}},"type":"cond-expr","locations":[{"start":{"line":184,"column":44},"end":{"line":184,"column":47}},{"start":{"line":184,"column":44},"end":{"line":184,"column":49}}]},"76":{"loc":{"start":{"line":184,"column":25},"end":{"line":184,"column":47}},"type":"binary-expr","locations":[{"start":{"line":184,"column":25},"end":{"line":184,"column":47}},{"start":{"line":184,"column":44},"end":{"line":184,"column":47}}]},"77":{"loc":{"start":{"line":184,"column":25},"end":{"line":184,"column":44}},"type":"cond-expr","locations":[{"start":{"line":184,"column":36},"end":{"line":184,"column":38}},{"start":{"line":184,"column":36},"end":{"line":184,"column":44}}]},"78":{"loc":{"start":{"line":184,"column":25},"end":{"line":184,"column":38}},"type":"binary-expr","locations":[{"start":{"line":184,"column":25},"end":{"line":184,"column":38}},{"start":{"line":184,"column":36},"end":{"line":184,"column":38}}]},"79":{"loc":{"start":{"line":185,"column":16},"end":{"line":185,"column":48}},"type":"cond-expr","locations":[{"start":{"line":185,"column":40},"end":{"line":185,"column":44}},{"start":{"line":185,"column":44},"end":{"line":185,"column":48}}]},"80":{"loc":{"start":{"line":185,"column":16},"end":{"line":185,"column":44}},"type":"binary-expr","locations":[{"start":{"line":185,"column":16},"end":{"line":185,"column":44}},{"start":{"line":185,"column":40},"end":{"line":185,"column":44}}]},"81":{"loc":{"start":{"line":185,"column":16},"end":{"line":185,"column":40}},"type":"cond-expr","locations":[{"start":{"line":185,"column":34},"end":{"line":185,"column":36}},{"start":{"line":185,"column":34},"end":{"line":185,"column":40}}]},"82":{"loc":{"start":{"line":185,"column":16},"end":{"line":185,"column":36}},"type":"binary-expr","locations":[{"start":{"line":185,"column":16},"end":{"line":185,"column":36}},{"start":{"line":185,"column":34},"end":{"line":185,"column":36}}]},"83":{"loc":{"start":{"line":191,"column":10},"end":{"line":191,"column":27}},"type":"cond-expr","locations":[{"start":{"line":191,"column":19},"end":{"line":191,"column":23}},{"start":{"line":191,"column":23},"end":{"line":191,"column":27}}]},"84":{"loc":{"start":{"line":191,"column":10},"end":{"line":191,"column":23}},"type":"binary-expr","locations":[{"start":{"line":191,"column":10},"end":{"line":191,"column":23}},{"start":{"line":191,"column":19},"end":{"line":191,"column":23}}]}},"s":{"0":1,"1":1,"2":1,"3":1,"4":1,"5":4,"6":4,"7":4,"8":3,"9":1,"10":1,"11":1,"12":0,"13":0,"14":0,"15":0,"16":0,"17":0,"18":0,"19":0,"20":0,"21":0,"22":0,"23":0,"24":0,"25":0,"26":0,"27":0,"28":0,"29":0,"30":0,"31":0,"32":0,"33":0,"34":0,"35":0,"36":0,"37":0,"38":0,"39":0,"40":0,"41":1,"42":1,"43":1,"44":1,"45":1,"46":0,"47":0,"48":0,"49":0,"50":0,"51":0,"52":0,"53":0,"54":0,"55":0,"56":0,"57":0,"58":0,"59":0,"60":0,"61":0,"62":0,"63":0,"64":0,"65":0,"66":0,"67":0,"68":0,"69":0,"70":4,"71":4,"72":4,"73":4,"74":4,"75":1,"76":3,"77":4,"78":4,"79":0,"80":4,"81":4,"82":6,"83":6,"84":0,"85":6,"86":6,"87":6,"88":4,"89":4,"90":3},"f":{"0":4,"1":4,"2":0,"3":0,"4":0,"5":1,"6":1,"7":0,"8":0,"9":0,"10":0,"11":4,"12":6,"13":6,"14":6},"b":{"0":[3,1],"1":[1,0],"2":[0,0],"3":[0,0],"4":[0,0],"5":[0,0],"6":[0,0],"7":[0,0],"8":[0,0],"9":[0,0],"10":[0,0],"11":[0,0],"12":[0,0],"13":[0,0],"14":[0,0],"15":[0,0],"16":[0,0],"17":[0,0],"18":[0,0],"19":[0,0],"20":[0,0],"21":[0,0],"22":[0,0],"23":[0,0],"24":[0,0],"25":[0,0],"26":[0,0],"27":[0,0],"28":[0,0],"29":[0,0],"30":[0,0],"31":[0,0],"32":[1,0],"33":[0,0],"34":[0,0],"35":[0,0],"36":[0,0],"37":[0,0],"38":[0,0],"39":[0,0],"40":[0,0],"41":[0,0],"42":[0,0],"43":[0,0],"44":[0,0],"45":[0,0],"46":[0,0],"47":[0,0],"48":[0,0],"49":[0,0],"50":[0,0],"51":[0,0],"52":[0,0],"53":[0,0],"54":[0,0],"55":[0,0],"56":[0,0],"57":[0,0],"58":[0,0],"59":[0,0],"60":[0,0],"61":[1,3],"62":[0,4],"63":[5,1],"64":[6,6],"65":[0,6],"66":[6,6],"67":[0,6],"68":[6,6],"69":[6,0],"70":[6,6],"71":[0,6],"72":[6,6],"73":[6,0],"74":[6,6],"75":[6,0],"76":[6,6],"77":[6,0],"78":[6,6],"79":[5,1],"80":[6,5],"81":[0,6],"82":[6,6],"83":[1,3],"84":[4,1]}}
,"/home/dev/proyectos/Spotify/src/lib/tidal-auth.ts": {"path":"/home/dev/proyectos/Spotify/src/lib/tidal-auth.ts","statementMap":{"0":{"start":{"line":30,"column":0},"end":{"line":30,"column":16}},"1":{"start":{"line":36,"column":0},"end":{"line":36,"column":7}},"2":{"start":{"line":48,"column":0},"end":{"line":48,"column":16}},"3":{"start":{"line":61,"column":0},"end":{"line":61,"column":7}},"4":{"start":{"line":91,"column":0},"end":{"line":91,"column":7}},"5":{"start":{"line":126,"column":0},"end":{"line":126,"column":7}},"6":{"start":{"line":136,"column":0},"end":{"line":136,"column":7}},"7":{"start":{"line":143,"column":0},"end":{"line":143,"column":7}},"8":{"start":{"line":154,"column":0},"end":{"line":154,"column":7}},"9":{"start":{"line":203,"column":0},"end":{"line":203,"column":7}},"10":{"start":{"line":1,"column":0},"end":{"line":1,"column":39}},"11":{"start":{"line":3,"column":23},"end":{"line":3,"column":58}},"12":{"start":{"line":4,"column":24},"end":{"line":4,"column":64}},"13":{"start":{"line":5,"column":13},"end":{"line":5,"column":56}},"14":{"start":{"line":7,"column":20},"end":{"line":7,"column":95}},"15":{"start":{"line":9,"column":28},"end":{"line":15,"column":2}},"16":{"start":{"line":17,"column":27},"end":{"line":23,"column":2}},"17":{"start":{"line":25,"column":26},"end":{"line":25,"column":45}},"18":{"start":{"line":26,"column":21},"end":{"line":26,"column":40}},"19":{"start":{"line":27,"column":24},"end":{"line":27,"column":45}},"20":{"start":{"line":28,"column":25},"end":{"line":28,"column":42}},"21":{"start":{"line":31,"column":16},"end":{"line":31,"column":80}},"22":{"start":{"line":32,"column":16},"end":{"line":32,"column":62}},"23":{"start":{"line":33,"column":2},"end":{"line":33,"column":68}},"24":{"start":{"line":33,"column":34},"end":{"line":33,"column":57}},"25":{"start":{"line":37,"column":19},"end":{"line":37,"column":44}},"26":{"start":{"line":38,"column":18},"end":{"line":38,"column":35}},"27":{"start":{"line":39,"column":15},"end":{"line":39,"column":39}},"28":{"start":{"line":40,"column":17},"end":{"line":40,"column":60}},"29":{"start":{"line":41,"column":20},"end":{"line":44,"column":23}},"30":{"start":{"line":45,"column":2},"end":{"line":45,"column":33}},"31":{"start":{"line":49,"column":17},"end":{"line":57,"column":4}},"32":{"start":{"line":58,"column":2},"end":{"line":58,"column":50}},"33":{"start":{"line":62,"column":17},"end":{"line":69,"column":4}},"34":{"start":{"line":71,"column":19},"end":{"line":75,"column":4}},"35":{"start":{"line":77,"column":2},"end":{"line":80,"column":3}},"36":{"start":{"line":78,"column":18},"end":{"line":78,"column":57}},"37":{"start":{"line":78,"column":53},"end":{"line":78,"column":55}},"38":{"start":{"line":79,"column":4},"end":{"line":79,"column":101}},"39":{"start":{"line":82,"column":2},"end":{"line":88,"column":5}},"40":{"start":{"line":93,"column":22},"end":{"line":93,"column":37}},"41":{"start":{"line":94,"column":17},"end":{"line":94,"column":50}},"42":{"start":{"line":95,"column":2},"end":{"line":100,"column":3}},"43":{"start":{"line":96,"column":4},"end":{"line":99,"column":38}},"44":{"start":{"line":97,"column":32},"end":{"line":97,"column":56}},"45":{"start":{"line":98,"column":6},"end":{"line":98,"column":53}},"46":{"start":{"line":98,"column":40},"end":{"line":98,"column":53}},"47":{"start":{"line":103,"column":17},"end":{"line":107,"column":4}},"48":{"start":{"line":109,"column":19},"end":{"line":113,"column":4}},"49":{"start":{"line":115,"column":2},"end":{"line":118,"column":3}},"50":{"start":{"line":116,"column":4},"end":{"line":116,"column":62}},"51":{"start":{"line":117,"column":4},"end":{"line":117,"column":16}},"52":{"start":{"line":120,"column":15},"end":{"line":120,"column":104}},"53":{"start":{"line":121,"column":17},"end":{"line":121,"column":52}},"54":{"start":{"line":122,"column":2},"end":{"line":122,"column":110}},"55":{"start":{"line":123,"column":2},"end":{"line":123,"column":27}},"56":{"start":{"line":131,"column":22},"end":{"line":131,"column":37}},"57":{"start":{"line":132,"column":17},"end":{"line":132,"column":54}},"58":{"start":{"line":133,"column":2},"end":{"line":133,"column":97}},"59":{"start":{"line":137,"column":22},"end":{"line":137,"column":37}},"60":{"start":{"line":138,"column":2},"end":{"line":138,"column":40}},"61":{"start":{"line":139,"column":2},"end":{"line":139,"column":35}},"62":{"start":{"line":140,"column":2},"end":{"line":140,"column":38}},"63":{"start":{"line":144,"column":22},"end":{"line":144,"column":37}},"64":{"start":{"line":145,"column":22},"end":{"line":145,"column":56}},"65":{"start":{"line":146,"column":2},"end":{"line":146,"column":32}},"66":{"start":{"line":146,"column":20},"end":{"line":146,"column":32}},"67":{"start":{"line":147,"column":2},"end":{"line":151,"column":3}},"68":{"start":{"line":148,"column":4},"end":{"line":148,"column":41}},"69":{"start":{"line":150,"column":4},"end":{"line":150,"column":16}},"70":{"start":{"line":155,"column":17},"end":{"line":155,"column":49}},"71":{"start":{"line":156,"column":2},"end":{"line":156,"column":27}},"72":{"start":{"line":156,"column":15},"end":{"line":156,"column":27}},"73":{"start":{"line":157,"column":2},"end":{"line":160,"column":3}},"74":{"start":{"line":159,"column":4},"end":{"line":159,"column":51}},"75":{"start":{"line":161,"column":2},"end":{"line":161,"column":29}},"76":{"start":{"line":166,"column":17},"end":{"line":170,"column":4}},"77":{"start":{"line":172,"column":2},"end":{"line":200,"column":3}},"78":{"start":{"line":173,"column":21},"end":{"line":177,"column":6}},"79":{"start":{"line":179,"column":4},"end":{"line":183,"column":5}},"80":{"start":{"line":181,"column":6},"end":{"line":181,"column":36}},"81":{"start":{"line":182,"column":6},"end":{"line":182,"column":18}},"82":{"start":{"line":185,"column":17},"end":{"line":185,"column":null}},"83":{"start":{"line":191,"column":22},"end":{"line":195,"column":6}},"84":{"start":{"line":196,"column":4},"end":{"line":196,"column":45}},"85":{"start":{"line":197,"column":4},"end":{"line":197,"column":29}},"86":{"start":{"line":199,"column":4},"end":{"line":199,"column":16}},"87":{"start":{"line":204,"column":16},"end":{"line":206,"column":25}},"88":{"start":{"line":208,"column":2},"end":{"line":208,"column":26}},"89":{"start":{"line":208,"column":14},"end":{"line":208,"column":26}},"90":{"start":{"line":210,"column":14},"end":{"line":212,"column":4}},"91":{"start":{"line":214,"column":2},"end":{"line":218,"column":3}},"92":{"start":{"line":215,"column":4},"end":{"line":215,"column":40}},"93":{"start":{"line":215,"column":28},"end":{"line":215,"column":40}},"94":{"start":{"line":216,"column":4},"end":{"line":216,"column":62}},"95":{"start":{"line":217,"column":4},"end":{"line":217,"column":16}},"96":{"start":{"line":219,"column":2},"end":{"line":219,"column":34}}},"fnMap":{"0":{"name":"generateRandomString","decl":{"start":{"line":30,"column":16},"end":{"line":30,"column":36}},"loc":{"start":{"line":30,"column":51},"end":{"line":34,"column":1}}},"1":{"name":"(anonymous_1)","decl":{"start":{"line":33,"column":27},"end":{"line":33,"column":28}},"loc":{"start":{"line":33,"column":34},"end":{"line":33,"column":57}}},"2":{"name":"generatePKCE","decl":{"start":{"line":36,"column":22},"end":{"line":36,"column":34}},"loc":{"start":{"line":36,"column":34},"end":{"line":46,"column":1}}},"3":{"name":"getUserAuthUrl","decl":{"start":{"line":48,"column":16},"end":{"line":48,"column":30}},"loc":{"start":{"line":48,"column":62},"end":{"line":59,"column":1}}},"4":{"name":"exchangeCodeForUserTokens","decl":{"start":{"line":61,"column":22},"end":{"line":61,"column":47}},"loc":{"start":{"line":61,"column":78},"end":{"line":89,"column":1}}},"5":{"name":"(anonymous_5)","decl":{"start":{"line":78,"column":46},"end":{"line":78,"column":49}},"loc":{"start":{"line":78,"column":53},"end":{"line":78,"column":55}}},"6":{"name":"getAppToken","decl":{"start":{"line":91,"column":22},"end":{"line":91,"column":33}},"loc":{"start":{"line":91,"column":33},"end":{"line":124,"column":1}}},"7":{"name":"saveUserTokensToCookies","decl":{"start":{"line":126,"column":22},"end":{"line":126,"column":45}},"loc":{"start":{"line":130,"column":1},"end":{"line":134,"column":1}}},"8":{"name":"clearTidalUserCookies","decl":{"start":{"line":136,"column":22},"end":{"line":136,"column":43}},"loc":{"start":{"line":136,"column":43},"end":{"line":141,"column":1}}},"9":{"name":"getUserTokensFromCookies","decl":{"start":{"line":143,"column":22},"end":{"line":143,"column":46}},"loc":{"start":{"line":143,"column":46},"end":{"line":152,"column":1}}},"10":{"name":"getValidUserAccessToken","decl":{"start":{"line":154,"column":22},"end":{"line":154,"column":45}},"loc":{"start":{"line":154,"column":45},"end":{"line":162,"column":1}}},"11":{"name":"refreshUserTokens","decl":{"start":{"line":165,"column":15},"end":{"line":165,"column":32}},"loc":{"start":{"line":165,"column":53},"end":{"line":201,"column":1}}},"12":{"name":"tidalFetch","decl":{"start":{"line":203,"column":22},"end":{"line":203,"column":32}},"loc":{"start":{"line":203,"column":79},"end":{"line":220,"column":1}}}},"branchMap":{"0":{"loc":{"start":{"line":77,"column":2},"end":{"line":80,"column":3}},"type":"if","locations":[{"start":{"line":77,"column":2},"end":{"line":80,"column":3}},{"start":{},"end":{}}]},"1":{"loc":{"start":{"line":95,"column":2},"end":{"line":100,"column":3}},"type":"if","locations":[{"start":{"line":95,"column":2},"end":{"line":100,"column":3}},{"start":{},"end":{}}]},"2":{"loc":{"start":{"line":98,"column":6},"end":{"line":98,"column":53}},"type":"if","locations":[{"start":{"line":98,"column":6},"end":{"line":98,"column":53}},{"start":{},"end":{}}]},"3":{"loc":{"start":{"line":115,"column":2},"end":{"line":118,"column":3}},"type":"if","locations":[{"start":{"line":115,"column":2},"end":{"line":118,"column":3}},{"start":{},"end":{}}]},"4":{"loc":{"start":{"line":146,"column":2},"end":{"line":146,"column":32}},"type":"if","locations":[{"start":{"line":146,"column":2},"end":{"line":146,"column":32}},{"start":{},"end":{}}]},"5":{"loc":{"start":{"line":156,"column":2},"end":{"line":156,"column":27}},"type":"if","locations":[{"start":{"line":156,"column":2},"end":{"line":156,"column":27}},{"start":{},"end":{}}]},"6":{"loc":{"start":{"line":157,"column":2},"end":{"line":160,"column":3}},"type":"if","locations":[{"start":{"line":157,"column":2},"end":{"line":160,"column":3}},{"start":{},"end":{}}]},"7":{"loc":{"start":{"line":179,"column":4},"end":{"line":183,"column":5}},"type":"if","locations":[{"start":{"line":179,"column":4},"end":{"line":183,"column":5}},{"start":{},"end":{}}]},"8":{"loc":{"start":{"line":193,"column":21},"end":{"line":193,"column":55}},"type":"binary-expr","locations":[{"start":{"line":193,"column":21},"end":{"line":193,"column":39}},{"start":{"line":193,"column":43},"end":{"line":193,"column":55}}]},"9":{"loc":{"start":{"line":203,"column":54},"end":{"line":203,"column":79}},"type":"default-arg","locations":[{"start":{"line":203,"column":75},"end":{"line":203,"column":79}}]},"10":{"loc":{"start":{"line":204,"column":16},"end":{"line":206,"column":25}},"type":"cond-expr","locations":[{"start":{"line":205,"column":6},"end":{"line":205,"column":37}},{"start":{"line":206,"column":6},"end":{"line":206,"column":25}}]},"11":{"loc":{"start":{"line":208,"column":2},"end":{"line":208,"column":26}},"type":"if","locations":[{"start":{"line":208,"column":2},"end":{"line":208,"column":26}},{"start":{},"end":{}}]},"12":{"loc":{"start":{"line":214,"column":2},"end":{"line":218,"column":3}},"type":"if","locations":[{"start":{"line":214,"column":2},"end":{"line":218,"column":3}},{"start":{},"end":{}}]},"13":{"loc":{"start":{"line":215,"column":4},"end":{"line":215,"column":40}},"type":"if","locations":[{"start":{"line":215,"column":4},"end":{"line":215,"column":40}},{"start":{},"end":{}}]}},"s":{"0":1,"1":1,"2":1,"3":1,"4":1,"5":1,"6":1,"7":1,"8":1,"9":1,"10":1,"11":1,"12":1,"13":1,"14":1,"15":1,"16":1,"17":1,"18":1,"19":1,"20":1,"21":0,"22":0,"23":0,"24":0,"25":0,"26":0,"27":0,"28":0,"29":0,"30":0,"31":0,"32":0,"33":0,"34":0,"35":0,"36":0,"37":0,"38":0,"39":0,"40":0,"41":0,"42":0,"43":0,"44":0,"45":0,"46":0,"47":0,"48":0,"49":0,"50":0,"51":0,"52":0,"53":0,"54":0,"55":0,"56":0,"57":0,"58":0,"59":0,"60":0,"61":0,"62":0,"63":0,"64":0,"65":0,"66":0,"67":0,"68":0,"69":0,"70":0,"71":0,"72":0,"73":0,"74":0,"75":0,"76":0,"77":0,"78":0,"79":0,"80":0,"81":0,"82":0,"83":0,"84":0,"85":0,"86":0,"87":0,"88":0,"89":0,"90":0,"91":0,"92":0,"93":0,"94":0,"95":0,"96":0},"f":{"0":0,"1":0,"2":0,"3":0,"4":0,"5":0,"6":0,"7":0,"8":0,"9":0,"10":0,"11":0,"12":0},"b":{"0":[0,0],"1":[0,0],"2":[0,0],"3":[0,0],"4":[0,0],"5":[0,0],"6":[0,0],"7":[0,0],"8":[0,0],"9":[0],"10":[0,0],"11":[0,0],"12":[0,0],"13":[0,0]}}
,"/home/dev/proyectos/Spotify/src/lib/tidal-tools.ts": {"path":"/home/dev/proyectos/Spotify/src/lib/tidal-tools.ts","statementMap":{"0":{"start":{"line":56,"column":0},"end":{"line":56,"column":7}},"1":{"start":{"line":112,"column":0},"end":{"line":112,"column":7}},"2":{"start":{"line":167,"column":0},"end":{"line":167,"column":7}},"3":{"start":{"line":12,"column":0},"end":{"line":12,"column":103}},"4":{"start":{"line":58,"column":2},"end":{"line":60,"column":3}},"5":{"start":{"line":59,"column":4},"end":{"line":59,"column":16}},"6":{"start":{"line":61,"column":2},"end":{"line":61,"column":47}},"7":{"start":{"line":113,"column":2},"end":{"line":115,"column":3}},"8":{"start":{"line":114,"column":4},"end":{"line":114,"column":16}},"9":{"start":{"line":116,"column":2},"end":{"line":116,"column":55}},"10":{"start":{"line":172,"column":2},"end":{"line":174,"column":3}},"11":{"start":{"line":173,"column":4},"end":{"line":173,"column":30}},"12":{"start":{"line":175,"column":20},"end":{"line":175,"column":51}},"13":{"start":{"line":176,"column":21},"end":{"line":176,"column":87}},"14":{"start":{"line":177,"column":2},"end":{"line":177,"column":24}},"15":{"start":{"line":183,"column":13},"end":{"line":229,"column":11}}},"fnMap":{"0":{"name":"searchByISRCTool","decl":{"start":{"line":56,"column":22},"end":{"line":56,"column":38}},"loc":{"start":{"line":56,"column":51},"end":{"line":62,"column":1}}},"1":{"name":"searchByNameTool","decl":{"start":{"line":112,"column":22},"end":{"line":112,"column":38}},"loc":{"start":{"line":112,"column":67},"end":{"line":117,"column":1}}},"2":{"name":"searchCandidatesTool","decl":{"start":{"line":167,"column":22},"end":{"line":167,"column":42}},"loc":{"start":{"line":170,"column":11},"end":{"line":178,"column":1}}}},"branchMap":{"0":{"loc":{"start":{"line":58,"column":2},"end":{"line":60,"column":3}},"type":"if","locations":[{"start":{"line":58,"column":2},"end":{"line":60,"column":3}},{"start":{},"end":{}}]},"1":{"loc":{"start":{"line":58,"column":6},"end":{"line":58,"column":61}},"type":"binary-expr","locations":[{"start":{"line":58,"column":6},"end":{"line":58,"column":11}},{"start":{"line":58,"column":15},"end":{"line":58,"column":39}},{"start":{"line":58,"column":43},"end":{"line":58,"column":61}}]},"2":{"loc":{"start":{"line":113,"column":2},"end":{"line":115,"column":3}},"type":"if","locations":[{"start":{"line":113,"column":2},"end":{"line":115,"column":3}},{"start":{},"end":{}}]},"3":{"loc":{"start":{"line":113,"column":6},"end":{"line":113,"column":40}},"type":"binary-expr","locations":[{"start":{"line":113,"column":6},"end":{"line":113,"column":23}},{"start":{"line":113,"column":23},"end":{"line":113,"column":40}}]},"4":{"loc":{"start":{"line":113,"column":7},"end":{"line":113,"column":19}},"type":"cond-expr","locations":[{"start":{"line":113,"column":11},"end":{"line":113,"column":13}},{"start":{"line":113,"column":7},"end":{"line":113,"column":19}}]},"5":{"loc":{"start":{"line":113,"column":7},"end":{"line":113,"column":13}},"type":"binary-expr","locations":[{"start":{"line":113,"column":7},"end":{"line":113,"column":13}},{"start":{"line":113,"column":7},"end":{"line":113,"column":13}}]},"6":{"loc":{"start":{"line":113,"column":24},"end":{"line":113,"column":38}},"type":"cond-expr","locations":[{"start":{"line":113,"column":30},"end":{"line":113,"column":32}},{"start":{"line":113,"column":24},"end":{"line":113,"column":38}}]},"7":{"loc":{"start":{"line":113,"column":24},"end":{"line":113,"column":32}},"type":"binary-expr","locations":[{"start":{"line":113,"column":24},"end":{"line":113,"column":32}},{"start":{"line":113,"column":24},"end":{"line":113,"column":32}}]},"8":{"loc":{"start":{"line":170,"column":2},"end":{"line":170,"column":11}},"type":"default-arg","locations":[{"start":{"line":170,"column":10},"end":{"line":170,"column":11}}]},"9":{"loc":{"start":{"line":172,"column":2},"end":{"line":174,"column":3}},"type":"if","locations":[{"start":{"line":172,"column":2},"end":{"line":174,"column":3}},{"start":{},"end":{}}]},"10":{"loc":{"start":{"line":172,"column":6},"end":{"line":172,"column":40}},"type":"binary-expr","locations":[{"start":{"line":172,"column":6},"end":{"line":172,"column":23}},{"start":{"line":172,"column":23},"end":{"line":172,"column":40}}]},"11":{"loc":{"start":{"line":172,"column":7},"end":{"line":172,"column":19}},"type":"cond-expr","locations":[{"start":{"line":172,"column":11},"end":{"line":172,"column":13}},{"start":{"line":172,"column":7},"end":{"line":172,"column":19}}]},"12":{"loc":{"start":{"line":172,"column":7},"end":{"line":172,"column":13}},"type":"binary-expr","locations":[{"start":{"line":172,"column":7},"end":{"line":172,"column":13}},{"start":{"line":172,"column":7},"end":{"line":172,"column":13}}]},"13":{"loc":{"start":{"line":172,"column":24},"end":{"line":172,"column":38}},"type":"cond-expr","locations":[{"start":{"line":172,"column":30},"end":{"line":172,"column":32}},{"start":{"line":172,"column":24},"end":{"line":172,"column":38}}]},"14":{"loc":{"start":{"line":172,"column":24},"end":{"line":172,"column":32}},"type":"binary-expr","locations":[{"start":{"line":172,"column":24},"end":{"line":172,"column":32}},{"start":{"line":172,"column":24},"end":{"line":172,"column":32}}]}},"s":{"0":1,"1":1,"2":1,"3":1,"4":8,"5":5,"6":3,"7":9,"8":6,"9":3,"10":11,"11":2,"12":9,"13":9,"14":9,"15":1},"f":{"0":8,"1":9,"2":11},"b":{"0":[5,3],"1":[8,5,5],"2":[6,3],"3":[9,6],"4":[1,8],"5":[9,8],"6":[1,5],"7":[6,5],"8":[3],"9":[2,9],"10":[11,10],"11":[0,11],"12":[11,11],"13":[0,10],"14":[10,10]}}
,"/home/dev/proyectos/Spotify/src/lib/tidal.ts": {"path":"/home/dev/proyectos/Spotify/src/lib/tidal.ts","statementMap":{"0":{"start":{"line":39,"column":0},"end":{"line":39,"column":16}},"1":{"start":{"line":91,"column":0},"end":{"line":91,"column":7}},"2":{"start":{"line":100,"column":0},"end":{"line":100,"column":7}},"3":{"start":{"line":107,"column":0},"end":{"line":107,"column":7}},"4":{"start":{"line":135,"column":0},"end":{"line":135,"column":7}},"5":{"start":{"line":183,"column":0},"end":{"line":183,"column":7}},"6":{"start":{"line":192,"column":0},"end":{"line":192,"column":7}},"7":{"start":{"line":215,"column":0},"end":{"line":215,"column":7}},"8":{"start":{"line":235,"column":0},"end":{"line":235,"column":7}},"9":{"start":{"line":1,"column":0},"end":{"line":1,"column":66}},"10":{"start":{"line":3,"column":21},"end":{"line":3,"column":59}},"11":{"start":{"line":6,"column":25},"end":{"line":6,"column":63}},"12":{"start":{"line":33,"column":25},"end":{"line":33,"column":71}},"13":{"start":{"line":36,"column":2},"end":{"line":36,"column":35}},"14":{"start":{"line":40,"column":2},"end":{"line":40,"column":72}},"15":{"start":{"line":45,"column":2},"end":{"line":45,"column":34}},"16":{"start":{"line":45,"column":24},"end":{"line":45,"column":34}},"17":{"start":{"line":47,"column":14},"end":{"line":47,"column":124}},"18":{"start":{"line":48,"column":14},"end":{"line":48,"column":81}},"19":{"start":{"line":49,"column":2},"end":{"line":49,"column":58}},"20":{"start":{"line":49,"column":48},"end":{"line":49,"column":58}},"21":{"start":{"line":50,"column":2},"end":{"line":50,"column":25}},"22":{"start":{"line":50,"column":15},"end":{"line":50,"column":25}},"23":{"start":{"line":52,"column":15},"end":{"line":52,"column":null}},"24":{"start":{"line":56,"column":26},"end":{"line":57,"column":null}},"25":{"start":{"line":57,"column":40},"end":{"line":57,"column":60}},"26":{"start":{"line":57,"column":73},"end":{"line":57,"column":106}},"27":{"start":{"line":60,"column":2},"end":{"line":65,"column":5}},"28":{"start":{"line":61,"column":22},"end":{"line":61,"column":60}},"29":{"start":{"line":62,"column":23},"end":{"line":62,"column":50}},"30":{"start":{"line":63,"column":19},"end":{"line":63,"column":91}},"31":{"start":{"line":64,"column":4},"end":{"line":64,"column":77}},"32":{"start":{"line":71,"column":21},"end":{"line":71,"column":61}},"33":{"start":{"line":72,"column":2},"end":{"line":72,"column":29}},"34":{"start":{"line":72,"column":19},"end":{"line":72,"column":29}},"35":{"start":{"line":74,"column":20},"end":{"line":77,"column":6}},"36":{"start":{"line":78,"column":14},"end":{"line":78,"column":87}},"37":{"start":{"line":79,"column":2},"end":{"line":79,"column":58}},"38":{"start":{"line":79,"column":48},"end":{"line":79,"column":58}},"39":{"start":{"line":80,"column":2},"end":{"line":80,"column":25}},"40":{"start":{"line":80,"column":15},"end":{"line":80,"column":25}},"41":{"start":{"line":82,"column":15},"end":{"line":82,"column":null}},"42":{"start":{"line":85,"column":20},"end":{"line":85,"column":64}},"43":{"start":{"line":86,"column":14},"end":{"line":86,"column":56}},"44":{"start":{"line":86,"column":51},"end":{"line":86,"column":55}},"45":{"start":{"line":87,"column":2},"end":{"line":87,"column":36}},"46":{"start":{"line":92,"column":16},"end":{"line":92,"column":36}},"47":{"start":{"line":93,"column":2},"end":{"line":93,"column":26}},"48":{"start":{"line":93,"column":14},"end":{"line":93,"column":26}},"49":{"start":{"line":95,"column":18},"end":{"line":95,"column":72}},"50":{"start":{"line":96,"column":2},"end":{"line":96,"column":28}},"51":{"start":{"line":101,"column":16},"end":{"line":101,"column":36}},"52":{"start":{"line":102,"column":2},"end":{"line":102,"column":24}},"53":{"start":{"line":102,"column":14},"end":{"line":102,"column":24}},"54":{"start":{"line":104,"column":2},"end":{"line":104,"column":62}},"55":{"start":{"line":108,"column":16},"end":{"line":108,"column":36}},"56":{"start":{"line":109,"column":2},"end":{"line":109,"column":26}},"57":{"start":{"line":109,"column":14},"end":{"line":109,"column":26}},"58":{"start":{"line":111,"column":2},"end":{"line":131,"column":3}},"59":{"start":{"line":112,"column":16},"end":{"line":112,"column":108}},"60":{"start":{"line":113,"column":16},"end":{"line":113,"column":83}},"61":{"start":{"line":116,"column":4},"end":{"line":116,"column":62}},"62":{"start":{"line":116,"column":50},"end":{"line":116,"column":62}},"63":{"start":{"line":118,"column":4},"end":{"line":118,"column":26}},"64":{"start":{"line":118,"column":17},"end":{"line":118,"column":26}},"65":{"start":{"line":120,"column":17},"end":{"line":120,"column":63}},"66":{"start":{"line":121,"column":18},"end":{"line":121,"column":32}},"67":{"start":{"line":122,"column":4},"end":{"line":128,"column":5}},"68":{"start":{"line":123,"column":6},"end":{"line":127,"column":8}},"69":{"start":{"line":130,"column":4},"end":{"line":130,"column":49}},"70":{"start":{"line":130,"column":29},"end":{"line":130,"column":47}},"71":{"start":{"line":132,"column":2},"end":{"line":132,"column":14}},"72":{"start":{"line":136,"column":18},"end":{"line":136,"column":47}},"73":{"start":{"line":137,"column":16},"end":{"line":137,"column":36}},"74":{"start":{"line":138,"column":2},"end":{"line":138,"column":29}},"75":{"start":{"line":138,"column":14},"end":{"line":138,"column":29}},"76":{"start":{"line":141,"column":2},"end":{"line":179,"column":3}},"77":{"start":{"line":143,"column":20},"end":{"line":143,"column":76}},"78":{"start":{"line":143,"column":43},"end":{"line":143,"column":75}},"79":{"start":{"line":144,"column":4},"end":{"line":144,"column":36}},"80":{"start":{"line":144,"column":30},"end":{"line":144,"column":36}},"81":{"start":{"line":146,"column":4},"end":{"line":178,"column":5}},"82":{"start":{"line":146,"column":17},"end":{"line":146,"column":18}},"83":{"start":{"line":147,"column":20},"end":{"line":147,"column":51}},"84":{"start":{"line":148,"column":21},"end":{"line":148,"column":42}},"85":{"start":{"line":149,"column":6},"end":{"line":151,"column":7}},"86":{"start":{"line":150,"column":8},"end":{"line":150,"column":44}},"87":{"start":{"line":152,"column":6},"end":{"line":152,"column":41}},"88":{"start":{"line":154,"column":6},"end":{"line":173,"column":7}},"89":{"start":{"line":155,"column":20},"end":{"line":157,"column":10}},"90":{"start":{"line":158,"column":8},"end":{"line":170,"column":9}},"91":{"start":{"line":159,"column":23},"end":{"line":159,"column":69}},"92":{"start":{"line":160,"column":10},"end":{"line":169,"column":11}},"93":{"start":{"line":161,"column":28},"end":{"line":161,"column":65}},"94":{"start":{"line":162,"column":12},"end":{"line":168,"column":13}},"95":{"start":{"line":163,"column":14},"end":{"line":167,"column":17}},"96":{"start":{"line":172,"column":8},"end":{"line":172,"column":57}},"97":{"start":{"line":175,"column":6},"end":{"line":177,"column":7}},"98":{"start":{"line":176,"column":8},"end":{"line":176,"column":53}},"99":{"start":{"line":176,"column":33},"end":{"line":176,"column":51}},"100":{"start":{"line":180,"column":2},"end":{"line":180,"column":17}},"101":{"start":{"line":184,"column":14},"end":{"line":186,"column":4}},"102":{"start":{"line":187,"column":2},"end":{"line":187,"column":27}},"103":{"start":{"line":187,"column":15},"end":{"line":187,"column":27}},"104":{"start":{"line":188,"column":15},"end":{"line":188,"column":59}},"105":{"start":{"line":189,"column":2},"end":{"line":189,"column":31}},"106":{"start":{"line":193,"column":14},"end":{"line":205,"column":4}},"107":{"start":{"line":207,"column":2},"end":{"line":210,"column":3}},"108":{"start":{"line":208,"column":4},"end":{"line":208,"column":81}},"109":{"start":{"line":209,"column":4},"end":{"line":209,"column":16}},"110":{"start":{"line":211,"column":15},"end":{"line":211,"column":59}},"111":{"start":{"line":212,"column":2},"end":{"line":212,"column":31}},"112":{"start":{"line":216,"column":14},"end":{"line":225,"column":4}},"113":{"start":{"line":223,"column":34},"end":{"line":223,"column":56}},"114":{"start":{"line":227,"column":2},"end":{"line":227,"column":38}},"115":{"start":{"line":227,"column":26},"end":{"line":227,"column":38}},"116":{"start":{"line":228,"column":2},"end":{"line":231,"column":3}},"117":{"start":{"line":229,"column":4},"end":{"line":229,"column":76}},"118":{"start":{"line":230,"column":4},"end":{"line":230,"column":17}},"119":{"start":{"line":232,"column":2},"end":{"line":232,"column":14}},"120":{"start":{"line":236,"column":14},"end":{"line":236,"column":15}},"121":{"start":{"line":237,"column":15},"end":{"line":237,"column":16}},"122":{"start":{"line":239,"column":2},"end":{"line":250,"column":3}},"123":{"start":{"line":239,"column":15},"end":{"line":239,"column":16}},"124":{"start":{"line":240,"column":18},"end":{"line":240,"column":50}},"125":{"start":{"line":241,"column":20},"end":{"line":241,"column":75}},"126":{"start":{"line":242,"column":4},"end":{"line":246,"column":5}},"127":{"start":{"line":243,"column":6},"end":{"line":243,"column":28}},"128":{"start":{"line":245,"column":6},"end":{"line":245,"column":29}},"129":{"start":{"line":247,"column":4},"end":{"line":249,"column":5}},"130":{"start":{"line":248,"column":6},"end":{"line":248,"column":51}},"131":{"start":{"line":248,"column":31},"end":{"line":248,"column":49}},"132":{"start":{"line":251,"column":2},"end":{"line":251,"column":27}}},"fnMap":{"0":{"name":"getUserToken","decl":{"start":{"line":35,"column":15},"end":{"line":35,"column":27}},"loc":{"start":{"line":35,"column":27},"end":{"line":37,"column":1}}},"1":{"name":"extractArtist","decl":{"start":{"line":39,"column":16},"end":{"line":39,"column":29}},"loc":{"start":{"line":39,"column":50},"end":{"line":41,"column":1}}},"2":{"name":"getTracksByIds","decl":{"start":{"line":44,"column":15},"end":{"line":44,"column":29}},"loc":{"start":{"line":44,"column":86},"end":{"line":66,"column":1}}},"3":{"name":"(anonymous_3)","decl":{"start":{"line":57,"column":33},"end":{"line":57,"column":34}},"loc":{"start":{"line":57,"column":40},"end":{"line":57,"column":60}}},"4":{"name":"(anonymous_4)","decl":{"start":{"line":57,"column":66},"end":{"line":57,"column":67}},"loc":{"start":{"line":57,"column":72},"end":{"line":57,"column":106}}},"5":{"name":"(anonymous_5)","decl":{"start":{"line":60,"column":31},"end":{"line":60,"column":32}},"loc":{"start":{"line":60,"column":40},"end":{"line":65,"column":3}}},"6":{"name":"searchText","decl":{"start":{"line":69,"column":15},"end":{"line":69,"column":25}},"loc":{"start":{"line":69,"column":65},"end":{"line":88,"column":1}}},"7":{"name":"(anonymous_7)","decl":{"start":{"line":86,"column":44},"end":{"line":86,"column":45}},"loc":{"start":{"line":86,"column":51},"end":{"line":86,"column":55}}},"8":{"name":"searchTrackByName","decl":{"start":{"line":91,"column":22},"end":{"line":91,"column":39}},"loc":{"start":{"line":91,"column":68},"end":{"line":97,"column":1}}},"9":{"name":"searchTrackCandidates","decl":{"start":{"line":100,"column":22},"end":{"line":100,"column":43}},"loc":{"start":{"line":100,"column":83},"end":{"line":105,"column":1}}},"10":{"name":"searchTrackByISRC","decl":{"start":{"line":107,"column":22},"end":{"line":107,"column":39}},"loc":{"start":{"line":107,"column":52},"end":{"line":133,"column":1}}},"11":{"name":"(anonymous_11)","decl":{"start":{"line":130,"column":22},"end":{"line":130,"column":23}},"loc":{"start":{"line":130,"column":29},"end":{"line":130,"column":47}}},"12":{"name":"searchTracksByISRC","decl":{"start":{"line":135,"column":22},"end":{"line":135,"column":40}},"loc":{"start":{"line":135,"column":80},"end":{"line":181,"column":1}}},"13":{"name":"(anonymous_13)","decl":{"start":{"line":143,"column":33},"end":{"line":143,"column":34}},"loc":{"start":{"line":143,"column":43},"end":{"line":143,"column":75}}},"14":{"name":"(anonymous_14)","decl":{"start":{"line":176,"column":26},"end":{"line":176,"column":27}},"loc":{"start":{"line":176,"column":33},"end":{"line":176,"column":51}}},"15":{"name":"getCurrentUserId","decl":{"start":{"line":183,"column":22},"end":{"line":183,"column":38}},"loc":{"start":{"line":183,"column":56},"end":{"line":190,"column":1}}},"16":{"name":"createPlaylist","decl":{"start":{"line":192,"column":22},"end":{"line":192,"column":36}},"loc":{"start":{"line":192,"column":90},"end":{"line":213,"column":1}}},"17":{"name":"addTracksToPlaylist","decl":{"start":{"line":215,"column":22},"end":{"line":215,"column":41}},"loc":{"start":{"line":215,"column":99},"end":{"line":233,"column":1}}},"18":{"name":"(anonymous_18)","decl":{"start":{"line":223,"column":25},"end":{"line":223,"column":26}},"loc":{"start":{"line":223,"column":34},"end":{"line":223,"column":56}}},"19":{"name":"addTracksToPlaylistBatched","decl":{"start":{"line":235,"column":22},"end":{"line":235,"column":48}},"loc":{"start":{"line":235,"column":130},"end":{"line":252,"column":1}}},"20":{"name":"(anonymous_20)","decl":{"start":{"line":248,"column":24},"end":{"line":248,"column":25}},"loc":{"start":{"line":248,"column":31},"end":{"line":248,"column":49}}}},"branchMap":{"0":{"loc":{"start":{"line":3,"column":21},"end":{"line":3,"column":59}},"type":"cond-expr","locations":[{"start":{"line":3,"column":51},"end":{"line":3,"column":55}},{"start":{"line":3,"column":55},"end":{"line":3,"column":59}}]},"1":{"loc":{"start":{"line":3,"column":21},"end":{"line":3,"column":55}},"type":"binary-expr","locations":[{"start":{"line":3,"column":21},"end":{"line":3,"column":55}},{"start":{"line":3,"column":51},"end":{"line":3,"column":55}}]},"2":{"loc":{"start":{"line":40,"column":9},"end":{"line":40,"column":71}},"type":"cond-expr","locations":[{"start":{"line":40,"column":65},"end":{"line":40,"column":69}},{"start":{"line":40,"column":69},"end":{"line":40,"column":71}}]},"3":{"loc":{"start":{"line":40,"column":9},"end":{"line":40,"column":69}},"type":"binary-expr","locations":[{"start":{"line":40,"column":9},"end":{"line":40,"column":69}},{"start":{"line":40,"column":65},"end":{"line":40,"column":69}}]},"4":{"loc":{"start":{"line":40,"column":9},"end":{"line":40,"column":65}},"type":"cond-expr","locations":[{"start":{"line":40,"column":59},"end":{"line":40,"column":61}},{"start":{"line":40,"column":59},"end":{"line":40,"column":65}}]},"5":{"loc":{"start":{"line":40,"column":9},"end":{"line":40,"column":61}},"type":"binary-expr","locations":[{"start":{"line":40,"column":9},"end":{"line":40,"column":61}},{"start":{"line":40,"column":59},"end":{"line":40,"column":61}}]},"6":{"loc":{"start":{"line":40,"column":9},"end":{"line":40,"column":59}},"type":"cond-expr","locations":[{"start":{"line":40,"column":47},"end":{"line":40,"column":49}},{"start":{"line":40,"column":47},"end":{"line":40,"column":59}}]},"7":{"loc":{"start":{"line":40,"column":9},"end":{"line":40,"column":49}},"type":"binary-expr","locations":[{"start":{"line":40,"column":9},"end":{"line":40,"column":49}},{"start":{"line":40,"column":47},"end":{"line":40,"column":49}}]},"8":{"loc":{"start":{"line":40,"column":9},"end":{"line":40,"column":47}},"type":"cond-expr","locations":[{"start":{"line":40,"column":42},"end":{"line":40,"column":45}},{"start":{"line":40,"column":42},"end":{"line":40,"column":47}}]},"9":{"loc":{"start":{"line":40,"column":9},"end":{"line":40,"column":45}},"type":"binary-expr","locations":[{"start":{"line":40,"column":9},"end":{"line":40,"column":45}},{"start":{"line":40,"column":42},"end":{"line":40,"column":45}}]},"10":{"loc":{"start":{"line":40,"column":9},"end":{"line":40,"column":42}},"type":"cond-expr","locations":[{"start":{"line":40,"column":36},"end":{"line":40,"column":38}},{"start":{"line":40,"column":36},"end":{"line":40,"column":42}}]},"11":{"loc":{"start":{"line":40,"column":9},"end":{"line":40,"column":38}},"type":"binary-expr","locations":[{"start":{"line":40,"column":9},"end":{"line":40,"column":38}},{"start":{"line":40,"column":36},"end":{"line":40,"column":38}}]},"12":{"loc":{"start":{"line":40,"column":9},"end":{"line":40,"column":36}},"type":"cond-expr","locations":[{"start":{"line":40,"column":27},"end":{"line":40,"column":29}},{"start":{"line":40,"column":27},"end":{"line":40,"column":36}}]},"13":{"loc":{"start":{"line":40,"column":9},"end":{"line":40,"column":29}},"type":"binary-expr","locations":[{"start":{"line":40,"column":9},"end":{"line":40,"column":29}},{"start":{"line":40,"column":27},"end":{"line":40,"column":29}}]},"14":{"loc":{"start":{"line":44,"column":60},"end":{"line":44,"column":86}},"type":"default-arg","locations":[{"start":{"line":44,"column":74},"end":{"line":44,"column":86}}]},"15":{"loc":{"start":{"line":45,"column":2},"end":{"line":45,"column":34}},"type":"if","locations":[{"start":{"line":45,"column":2},"end":{"line":45,"column":34}},{"start":{},"end":{}}]},"16":{"loc":{"start":{"line":49,"column":2},"end":{"line":49,"column":58}},"type":"if","locations":[{"start":{"line":49,"column":2},"end":{"line":49,"column":58}},{"start":{},"end":{}}]},"17":{"loc":{"start":{"line":49,"column":6},"end":{"line":49,"column":46}},"type":"binary-expr","locations":[{"start":{"line":49,"column":6},"end":{"line":49,"column":24}},{"start":{"line":49,"column":28},"end":{"line":49,"column":46}}]},"18":{"loc":{"start":{"line":50,"column":2},"end":{"line":50,"column":25}},"type":"if","locations":[{"start":{"line":50,"column":2},"end":{"line":50,"column":25}},{"start":{},"end":{}}]},"19":{"loc":{"start":{"line":57,"column":5},"end":{"line":57,"column":24}},"type":"cond-expr","locations":[{"start":{"line":57,"column":18},"end":{"line":57,"column":22}},{"start":{"line":57,"column":22},"end":{"line":57,"column":24}}]},"20":{"loc":{"start":{"line":57,"column":5},"end":{"line":57,"column":22}},"type":"binary-expr","locations":[{"start":{"line":57,"column":5},"end":{"line":57,"column":22}},{"start":{"line":57,"column":18},"end":{"line":57,"column":22}}]},"21":{"loc":{"start":{"line":57,"column":80},"end":{"line":57,"column":104}},"type":"cond-expr","locations":[{"start":{"line":57,"column":98},"end":{"line":57,"column":102}},{"start":{"line":57,"column":102},"end":{"line":57,"column":104}}]},"22":{"loc":{"start":{"line":57,"column":80},"end":{"line":57,"column":102}},"type":"binary-expr","locations":[{"start":{"line":57,"column":80},"end":{"line":57,"column":102}},{"start":{"line":57,"column":98},"end":{"line":57,"column":102}}]},"23":{"loc":{"start":{"line":57,"column":80},"end":{"line":57,"column":98}},"type":"cond-expr","locations":[{"start":{"line":57,"column":92},"end":{"line":57,"column":94}},{"start":{"line":57,"column":92},"end":{"line":57,"column":98}}]},"24":{"loc":{"start":{"line":57,"column":80},"end":{"line":57,"column":94}},"type":"binary-expr","locations":[{"start":{"line":57,"column":80},"end":{"line":57,"column":94}},{"start":{"line":57,"column":92},"end":{"line":57,"column":94}}]},"25":{"loc":{"start":{"line":60,"column":10},"end":{"line":60,"column":25}},"type":"cond-expr","locations":[{"start":{"line":60,"column":1
[...]
tart":{"line":61,"column":55},"end":{"line":61,"column":58}},{"start":{"line":61,"column":55},"end":{"line":61,"column":60}}]},"28":{"loc":{"start":{"line":61,"column":22},"end":{"line":61,"column":58}},"type":"binary-expr","locations":[{"start":{"line":61,"column":22},"end":{"line":61,"column":58}},{"start":{"line":61,"column":55},"end":{"line":61,"column":58}}]},"29":{"loc":{"start":{"line":61,"column":22},"end":{"line":61,"column":55}},"type":"cond-expr","locations":[{"start":{"line":61,"column":49},"end":{"line":61,"column":51}},{"start":{"line":61,"column":49},"end":{"line":61,"column":55}}]},"30":{"loc":{"start":{"line":61,"column":22},"end":{"line":61,"column":51}},"type":"binary-expr","locations":[{"start":{"line":61,"column":22},"end":{"line":61,"column":51}},{"start":{"line":61,"column":49},"end":{"line":61,"column":51}}]},"31":{"loc":{"start":{"line":61,"column":22},"end":{"line":61,"column":49}},"type":"cond-expr","locations":[{"start":{"line":61,"column":40},"end":{"line":61,"column":42}},{"start":{"line":61,"column":40},"end":{"line":61,"column":49}}]},"32":{"loc":{"start":{"line":61,"column":22},"end":{"line":61,"column":42}},"type":"binary-expr","locations":[{"start":{"line":61,"column":22},"end":{"line":61,"column":42}},{"start":{"line":61,"column":40},"end":{"line":61,"column":42}}]},"33":{"loc":{"start":{"line":62,"column":23},"end":{"line":62,"column":50}},"type":"cond-expr","locations":[{"start":{"line":62,"column":44},"end":{"line":62,"column":46}},{"start":{"line":62,"column":44},"end":{"line":62,"column":50}}]},"34":{"loc":{"start":{"line":62,"column":23},"end":{"line":62,"column":46}},"type":"binary-expr","locations":[{"start":{"line":62,"column":23},"end":{"line":62,"column":46}},{"start":{"line":62,"column":44},"end":{"line":62,"column":46}}]},"35":{"loc":{"start":{"line":62,"column":23},"end":{"line":62,"column":44}},"type":"cond-expr","locations":[{"start":{"line":62,"column":32},"end":{"line":62,"column":34}},{"start":{"line":62,"column":23},"end":{"line":62,"column":44}}]},"36":{"loc":{"start":{"line":62,"column":23},"end":{"line":62,"column":34}},"type":"binary-expr","locations":[{"start":{"line":62,"column":23},"end":{"line":62,"column":34}},{"start":{"line":62,"column":23},"end":{"line":62,"column":34}}]},"37":{"loc":{"start":{"line":63,"column":19},"end":{"line":63,"column":91}},"type":"binary-expr","locations":[{"start":{"line":63,"column":19},"end":{"line":63,"column":29}},{"start":{"line":63,"column":34},"end":{"line":63,"column":90}}]},"38":{"loc":{"start":{"line":63,"column":34},"end":{"line":63,"column":90}},"type":"cond-expr","locations":[{"start":{"line":63,"column":46},"end":{"line":63,"column":85}},{"start":{"line":63,"column":88},"end":{"line":63,"column":90}}]},"39":{"loc":{"start":{"line":63,"column":46},"end":{"line":63,"column":85}},"type":"cond-expr","locations":[{"start":{"line":63,"column":79},"end":{"line":63,"column":83}},{"start":{"line":63,"column":83},"end":{"line":63,"column":85}}]},"40":{"loc":{"start":{"line":63,"column":46},"end":{"line":63,"column":83}},"type":"binary-expr","locations":[{"start":{"line":63,"column":46},"end":{"line":63,"column":83}},{"start":{"line":63,"column":79},"end":{"line":63,"column":83}}]},"41":{"loc":{"start":{"line":64,"column":38},"end":{"line":64,"column":66}},"type":"cond-expr","locations":[{"start":{"line":64,"column":60},"end":{"line":64,"column":64}},{"start":{"line":64,"column":64},"end":{"line":64,"column":66}}]},"42":{"loc":{"start":{"line":64,"column":38},"end":{"line":64,"column":64}},"type":"binary-expr","locations":[{"start":{"line":64,"column":38},"end":{"line":64,"column":64}},{"start":{"line":64,"column":60},"end":{"line":64,"column":64}}]},"43":{"loc":{"start":{"line":64,"column":38},"end":{"line":64,"column":60}},"type":"cond-expr","locations":[{"start":{"line":64,"column":53},"end":{"line":64,"column":55}},{"start":{"line":64,"column":53},"end":{"line":64,"column":60}}]},"44":{"loc":{"start":{"line":64,"column":38},"end":{"line":64,"column":55}},"type":"binary-expr","locations":[{"start":{"line":64,"column":38},"end":{"line":64,"column":55}},{"start":{"line":64,"column":53},"end":{"line":64,"column":55}}]},"45":{"loc":{"start":{"line":69,"column":56},"end":{"line":69,"column":65}},"type":"default-arg","locations":[{"start":{"line":69,"column":64},"end":{"line":69,"column":65}}]},"46":{"loc":{"start":{"line":72,"column":2},"end":{"line":72,"column":29}},"type":"if","locations":[{"start":{"line":72,"column":2},"end":{"line":72,"column":29}},{"start":{},"end":{}}]},"47":{"loc":{"start":{"line":79,"column":2},"end":{"line":79,"column":58}},"type":"if","locations":[{"start":{"line":79,"column":2},"end":{"line":79,"column":58}},{"start":{},"end":{}}]},"48":{"loc":{"start":{"line":79,"column":6},"end":{"line":79,"column":46}},"type":"binary-expr","locations":[{"start":{"line":79,"column":6},"end":{"line":79,"column":24}},{"start":{"line":79,"column":28},"end":{"line":79,"column":46}}]},"49":{"loc":{"start":{"line":80,"column":2},"end":{"line":80,"column":25}},"type":"if","locations":[{"start":{"line":80,"column":2},"end":{"line":80,"column":25}},{"start":{},"end":{}}]},"50":{"loc":{"start":{"line":85,"column":20},"end":{"line":85,"column":64}},"type":"cond-expr","locations":[{"start":{"line":85,"column":58},"end":{"line":85,"column":62}},{"start":{"line":85,"column":62},"end":{"line":85,"column":64}}]},"51":{"loc":{"start":{"line":85,"column":20},"end":{"line":85,"column":62}},"type":"binary-expr","locations":[{"start":{"line":85,"column":20},"end":{"line":85,"column":62}},{"start":{"line":85,"column":58},"end":{"line":85,"column":62}}]},"52":{"loc":{"start":{"line":85,"column":20},"end":{"line":85,"column":58}},"type":"cond-expr","locations":[{"start":{"line":85,"column":52},"end":{"line":85,"column":54}},{"start":{"line":85,"column":52},"end":{"line":85,"column":58}}]},"53":{"loc":{"start":{"line":85,"column":20},"end":{"line":85,"column":54}},"type":"binary-expr","locations":[{"start":{"line":85,"column":20},"end":{"line":85,"column":54}},{"start":{"line":85,"column":52},"end":{"line":85,"column":54}}]},"54":{"loc":{"start":{"line":85,"column":20},"end":{"line":85,"column":52}},"type":"cond-expr","locations":[{"start":{"line":85,"column":44},"end":{"line":85,"column":46}},{"start":{"line":85,"column":44},"end":{"line":85,"column":52}}]},"55":{"loc":{"start":{"line":85,"column":20},"end":{"line":85,"column":46}},"type":"binary-expr","locations":[{"start":{"line":85,"column":20},"end":{"line":85,"column":46}},{"start":{"line":85,"column":44},"end":{"line":85,"column":46}}]},"56":{"loc":{"start":{"line":85,"column":20},"end":{"line":85,"column":44}},"type":"cond-expr","locations":[{"start":{"line":85,"column":29},"end":{"line":85,"column":31}},{"start":{"line":85,"column":29},"end":{"line":85,"column":44}}]},"57":{"loc":{"start":{"line":85,"column":20},"end":{"line":85,"column":31}},"type":"binary-expr","locations":[{"start":{"line":85,"column":20},"end":{"line":85,"column":31}},{"start":{"line":85,"column":29},"end":{"line":85,"column":31}}]},"58":{"loc":{"start":{"line":93,"column":2},"end":{"line":93,"column":26}},"type":"if","locations":[{"start":{"line":93,"column":2},"end":{"line":93,"column":26}},{"start":{},"end":{}}]},"59":{"loc":{"start":{"line":96,"column":9},"end":{"line":96,"column":27}},"type":"cond-expr","locations":[{"start":{"line":96,"column":19},"end":{"line":96,"column":23}},{"start":{"line":96,"column":23},"end":{"line":96,"column":27}}]},"60":{"loc":{"start":{"line":96,"column":9},"end":{"line":96,"column":23}},"type":"binary-expr","locations":[{"start":{"line":96,"column":9},"end":{"line":96,"column":23}},{"start":{"line":96,"column":19},"end":{"line":96,"column":23}}]},"61":{"loc":{"start":{"line":100,"column":74},"end":{"line":100,"column":83}},"type":"default-arg","locations":[{"start":{"line":100,"column":82},"end":{"line":100,"column":83}}]},"62":{"loc":{"start":{"line":102,"column":2},"end":{"line":102,"column":24}},"type":"if","locations":[{"start":{"line":102,"column":2},"end":{"line":102,"column":24}},{"start":{},"end":{}}]},"63":{"loc":{"start":{"line":109,"column":2},"end":{"line":109,"column":26}},"type":"if","locations":[{"start":{"line":109,"column":2},"end":{"line":109,"column":26}},{"start":{},"end":{}}]},"64":{"loc":{"start":{"line":116,"column":4},"end":{"line":116,"column":62}},"type":"if","locations":[{"start":{"line":116,"column":4},"end":{"line":116,"column":62}},{"start":{},"end":{}}]},"65":{"loc":{"start":{"line":116,"column":8},"end":{"line":116,"column":48}},"type":"binary-expr","locations":[{"start":{"line":116,"column":8},"end":{"line":116,"column":26}},{"start":{"line":116,"column":30},"end":{"line":116,"column":48}}]},"66":{"loc":{"start":{"line":118,"column":4},"end":{"line":118,"column":26}},"type":"if","locations":[{"start":{"line":118,"column":4},"end":{"line":118,"column":26}},{"start":{},"end":{}}]},"67":{"loc":{"start":{"line":121,"column":18},"end":{"line":121,"column":32}},"type":"cond-expr","locations":[{"start":{"line":121,"column":27},"end":{"line":121,"column":30}},{"start":{"line":121,"column":27},"end":{"line":121,"column":32}}]},"68":{"loc":{"start":{"line":121,"column":18},"end":{"line":121,"column":30}},"type":"binary-expr","locations":[{"start":{"line":121,"column":18},"end":{"line":121,"column":30}},{"start":{"line":121,"column":27},"end":{"line":121,"column":30}}]},"69":{"loc":{"start":{"line":122,"column":4},"end":{"line":128,"column":5}},"type":"if","locations":[{"start":{"line":122,"column":4},"end":{"line":128,"column":5}},{"start":{},"end":{}}]},"70":{"loc":{"start":{"line":125,"column":15},"end":{"line":125,"column":44}},"type":"cond-expr","locations":[{"start":{"line":125,"column":38},"end":{"line":125,"column":42}},{"start":{"line":125,"column":42},"end":{"line":125,"column":44}}]},"71":{"loc":{"start":{"line":125,"column":15},"end":{"line":125,"column":42}},"type":"binary-expr","locations":[{"start":{"line":125,"column":15},"end":{"line":125,"column":42}},{"start":{"line":125,"column":38},"end":{"line":125,"column":42}}]},"72":{"loc":{"start":{"line":125,"column":15},"end":{"line":125,"column":38}},"type":"cond-expr","locations":[{"start":{"line":125,"column":31},"end":{"line":125,"column":33}},{"start":{"line":125,"column":31},"end":{"line":125,"column":38}}]},"73":{"loc":{"start":{"line":125,"column":15},"end":{"line":125,"column":33}},"type":"binary-expr","locations":[{"start":{"line":125,"column":15},"end":{"line":125,"column":33}},{"start":{"line":125,"column":31},"end":{"line":125,"column":33}}]},"74":{"loc":{"start":{"line":135,"column":58},"end":{"line":135,"column":80}},"type":"default-arg","locations":[{"start":{"line":135,"column":78},"end":{"line":135,"column":80}}]},"75":{"loc":{"start":{"line":138,"column":2},"end":{"line":138,"column":29}},"type":"if","locations":[{"start":{"line":138,"column":2},"end":{"line":138,"column":29}},{"start":{},"end":{}}]},"76":{"loc":{"start":{"line":144,"column":4},"end":{"line":144,"column":36}},"type":"if","locations":[{"start":{"line":144,"column":4},"end":{"line":144,"column":36}},{"start":{},"end":{}}]},"77":{"loc":{"start":{"line":158,"column":8},"end":{"line":170,"column":9}},"type":"if","locations":[{"start":{"line":158,"column":8},"end":{"line":170,"column":9}},{"start":{},"end":{}}]},"78":{"loc":{"start":{"line":160,"column":30},"end":{"line":160,"column":45}},"type":"cond-expr","locations":[{"start":{"line":160,"column":39},"end":{"line":160,"column":43}},{"start":{"line":160,"column":43},"end":{"line":160,"column":45}}]},"79":{"loc":{"start":{"line":160,"column":30},"end":{"line":160,"column":43}},"type":"binary-expr","locations":[{"start":{"line":160,"column":30},"end":{"line":160,"column":43}},{"start":{"line":160,"column":39},"end":{"line":160,"column":43}}]},"80":{"loc":{"start":{"line":161,"column":28},"end":{"line":161,"column":65}},"type":"cond-expr","locations":[{"start":{"line":161,"column":50},"end":{"line":161,"column":52}},{"start":{"line":161,"column":50},"end":{"line":161,"column":65}}]},"81":{"loc":{"start":{"line":161,"column":28},"end":{"line":161,"column":52}},"type":"binary-expr","locations":[{"start":{"line":161,"column":28},"end":{"line":161,"column":52}},{"start":{"line":161,"column":50},"end":{"line":161,"column":52}}]},"82":{"loc":{"start":{"line":161,"column":28},"end":{"line":161,"column":50}},"type":"cond-expr","locations":[{"start":{"line":161,"column":44},"end":{"line":161,"column":46}},{"start":{"line":161,"column":44},"end":{"line":161,"column":50}}]},"83":{"loc":{"start":{"line":161,"column":28},"end":{"line":161,"column":46}},"type":"binary-expr","locations":[{"start":{"line":161,"column":28},"end":{"line":161,"column":46}},{"start":{"line":161,"column":44},"end":{"line":161,"column":46}}]},"84":{"loc":{"start":{"line":162,"column":12},"end":{"line":168,"column":13}},"type":"if","locations":[{"start":{"line":162,"column":12},"end":{"line":168,"column":13}},{"start":{},"end":{}}]},"85":{"loc":{"start":{"line":162,"column":16},"end":{"line":162,"column":48}},"type":"binary-expr","locations":[{"start":{"line":162,"column":16},"end":{"line":162,"column":23}},{"start":{"line":162,"column":27},"end":{"line":162,"column":48}}]},"86":{"loc":{"start":{"line":165,"column":23},"end":{"line":165,"column":52}},"type":"cond-expr","locations":[{"start":{"line":165,"column":46},"end":{"line":165,"column":50}},{"start":{"line":165,"column":50},"end":{"line":165,"column":52}}]},"87":{"loc":{"start":{"line":165,"column":23},"end":{"line":165,"column":50}},"type":"binary-expr","locations":[{"start":{"line":165,"column":23},"end":{"line":165,"column":50}},{"start":{"line":165,"column":46},"end":{"line":165,"column":50}}]},"88":{"loc":{"start":{"line":165,"column":23},"end":{"line":165,"column":46}},"type":"cond-expr","locations":[{"start":{"line":165,"column":39},"end":{"line":165,"column":41}},{"start":{"line":165,"column":39},"end":{"line":165,"column":46}}]},"89":{"loc":{"start":{"line":165,"column":23},"end":{"line":165,"column":41}},"type":"binary-expr","locations":[{"start":{"line":165,"column":23},"end":{"line":165,"column":41}},{"start":{"line":165,"column":39},"end":{"line":165,"column":41}}]},"90":{"loc":{"start":{"line":175,"column":6},"end":{"line":177,"column":7}},"type":"if","locations":[{"start":{"line":175,"column":6},"end":{"line":177,"column":7}},{"start":{},"end":{}}]},"91":{"loc":{"start":{"line":187,"column":2},"end":{"line":187,"column":27}},"type":"if","locations":[{"start":{"line":187,"column":2},"end":{"line":187,"column":27}},{"start":{},"end":{}}]},"92":{"loc":{"start":{"line":189,"column":9},"end":{"line":189,"column":30}},"type":"cond-expr","locations":[{"start":{"line":189,"column":22},"end":{"line":189,"column":26}},{"start":{"line":189,"column":26},"end":{"line":189,"column":30}}]},"93":{"loc":{"start":{"line":189,"column":9},"end":{"line":189,"column":26}},"type":"binary-expr","locations":[{"start":{"line":189,"column":9},"end":{"line":189,"column":26}},{"start":{"line":189,"column":22},"end":{"line":189,"column":26}}]},"94":{"loc":{"start":{"line":189,"column":9},"end":{"line":189,"column":22}},"type":"cond-expr","locations":[{"start":{"line":189,"column":18},"end":{"line":189,"column":20}},{"start":{"line":189,"column":18},"end":{"line":189,"column":22}}]},"95":{"loc":{"start":{"line":189,"column":9},"end":{"line":189,"column":20}},"type":"binary-expr","locations":[{"start":{"line":189,"column":9},"end":{"line":189,"column":20}},{"start":{"line":189,"column":18},"end":{"line":189,"column":20}}]},"96":{"loc":{"start":{"line":207,"column":2},"end":{"line":210,"column":3}},"type":"if","locations":[{"start":{"line":207,"column":2},"end":{"line":210,"column":3}},{"start":{},"end":{}}]},"97":{"loc":{"start":{"line":212,"column":9},"end":{"line":212,"column":30}},"type":"cond-expr","locations":[{"start":{"line":212,"column":22},"end":{"line":212,"column":26}},{"start":{"line":212,"column":26},"end":{"line":212,"column":30}}]},"98":{"loc":{"start":{"line":212,"column":9},"end":{"line":212,"column":26}},"type":"binary-expr","locations":[{"start":{"line":212,"column":9},"end":{"line":212,"column":26}},{"start":{"line":212,"column":22},"end":{"line":212,"column":26}}]},"99":{"loc":{"start":{"line":212,"column":9},"end":{"line":212,"column":22}},"type":"cond-expr","locations":[{"start":{"line":212,"column":18},"end":{"line":212,"column":20}},{"start":{"line":212,"column":18},"end":{"line":212,"column":22}}]},"100":{"loc":{"start":{"line":212,"column":9},"end":{"line":212,"column":20}},"type":"binary-expr","locations":[{"start":{"line":212,"column":9},"end":{"line":212,"column":20}},{"start":{"line":212,"column":18},"end":{"line":212,"column":20}}]},"101":{"loc":{"start":{"line":227,"column":2},"end":{"line":227,"column":38}},"type":"if","locations":[{"start":{"line":227,"column":2},"end":{"line":227,"column":38}},{"start":{},"end":{}}]},"102":{"loc":{"start":{"line":228,"column":2},"end":{"line":231,"column":3}},"type":"if","locations":[{"start":{"line":228,"column":2},"end":{"line":231,"column":3}},{"start":{},"end":{}}]},"103":{"loc":{"start":{"line":235,"column":108},"end":{"line":235,"column":130}},"type":"default-arg","locations":[{"start":{"line":235,"column":128},"end":{"line":235,"column":130}}]},"104":{"loc":{"start":{"line":242,"column":4},"end":{"line":246,"column":5}},"type":"if","locations":[{"start":{"line":242,"column":4},"end":{"line":246,"column":5}},{"start":{"line":244,"column":11},"end":{"line":246,"column":5}}]},"105":{"loc":{"start":{"line":247,"column":4},"end":{"line":249,"column":5}},"type":"if","locations":[{"start":{"line":247,"column":4},"end":{"line":249,"column":5}},{"start":{},"end":{}}]}},"s":{"0":1,"1":1,"2":1,"3":1,"4":1,"5":1,"6":1,"7":1,"8":1,"9":1,"10":1,"11":1,"12":1,"13":0,"14":3,"15":0,"16":0,"17":0,"18":0,"19":0,"20":0,"21":0,"22":0,"23":0,"24":0,"25":0,"26":0,"27":0,"28":0,"29":0,"30":0,"31":0,"32":0,"33":0,"34":0,"35":0,"36":0,"37":0,"38":0,"39":0,"40":0,"41":0,"42":0,"43":0,"44":0,"45":0,"46":0,"47":0,"48":0,"49":0,"50":0,"51":0,"52":0,"53":0,"54":0,"55":0,"56":0,"57":0,"58":0,"59":0,"60":0,"61":0,"62":0,"63":0,"64":0,"65":0,"66":0,"67":0,"68":0,"69":0,"70":0,"71":0,"72":0,"73":0,"74":0,"75":0,"76":0,"77":0,"78":0,"79":0,"80":0,"81":0,"82":0,"83":0,"84":0,"85":0,"86":0,"87":0,"88":0,"89":0,"90":0,"91":0,"92":0,"93":0,"94":0,"95":0,"96":0,"97":0,"98":0,"99":0,"100":0,"101":0,"102":0,"103":0,"104":0,"105":0,"106":0,"107":0,"108":0,"109":0,"110":0,"111":0,"112":0,"113":0,"114":0,"115":0,"116":0,"117":0,"118":0,"119":0,"120":0,"121":0,"122":0,"123":0,"124":0,"125":0,"126":0,"127":0,"128":0,"129":0,"130":0,"131":0,"132":0},"f":{"0":0,"1":3,"2":0,"3":0,"4":0,"5":0,"6":0,"7":0,"8":0,"9":0,"10":0,"11":0,"12":0,"13":0,"14":0,"15":0,"16":0,"17":0,"18":0,"19":0,"20":0},"b":{"0":[0,1],"1":[1,1],"2":[1,2],"3":[3,3],"4":[2,1],"5":[3,3],"6":[2,1],"7":[3,3],"8":[1,2],"9":[3,3],"10":[1,2],"11":[3,3],"12":[1,2],"13":[3,3],"14":[0],"15":[0,0],"16":[0,0],"17":[0,0],"18":[0,0],"19":[0,0],"20":[0,0],"21":[0,0],"22":[0,0],"23":[0,0],"24":[0,0],"25":[0,0],"26":[0,0],"27":[0,0],"28":[0,0],"29":[0,0],"30":[0,0],"31":[0,0],"32":[0,0],"33":[0,0],"34":[0,0],"35":[0,0],"36":[0,0],"37":[0,0],"38":[0,0],"39":[0,0],"40":[0,0],"41":[0,0],"42":[0,0],"43":[0,0],"44":[0,0],"45":[0],"46":[0,0],"47":[0,0],"48":[0,0],"49":[0,0],"50":[0,0],"51":[0,0],"52":[0,0],"53":[0,0],"54":[0,0],"55":[0,0],"56":[0,0],"57":[0,0],"58":[0,0],"59":[0,0],"60":[0,0],"61":[0],"62":[0,0],"63":[0,0],"64":[0,0],"65":[0,0],"66":[0,0],"67":[0,0],"68":[0,0],"69":[0,0],"70":[0,0],"71":[0,0],"72":[0,0],"73":[0,0],"74":[0],"75":[0,0],"76":[0,0],"77":[0,0],"78":[0,0],"79":[0,0],"80":[0,0],"81":[0,0],"82":[0,0],"83":[0,0],"84":[0,0],"85":[0,0],"86":[0,0],"87":[0,0],"88":[0,0],"89":[0,0],"90":[0,0],"91":[0,0],"92":[0,0],"93":[0,0],"94":[0,0],"95":[0,0],"96":[0,0],"97":[0,0],"98":[0,0],"99":[0,0],"100":[0,0],"101":[0,0],"102":[0,0],"103":[0],"104":[0,0],"105":[0,0]}}
}
