TN:
SF:src/components/Button.tsx
FN:19,Button
FNF:1
FNH:0
FNDA:0,Button
DA:1,0
DA:14,0
DA:17,0
DA:19,0
DA:20,0
DA:22,0
DA:23,0
DA:24,0
DA:30,0
DA:36,0
LF:10
LH:0
BRDA:19,0,0,0
BRDA:19,1,0,0
BRDA:19,2,0,0
BRDA:20,3,0,0
BRDA:20,3,1,0
BRDA:22,4,0,0
BRDA:22,4,1,0
BRDA:22,5,0,0
BRDA:22,5,1,0
BRDA:23,6,0,0
BRDA:23,6,1,0
BRF:11
BRH:0
end_of_record
TN:
SF:src/components/Checkbox.tsx
FN:8,Checkbox
FN:19,(anonymous_2)
FNF:2
FNH:0
FNDA:0,Checkbox
FNDA:0,(anonymous_2)
DA:8,0
DA:11,0
DA:12,0
DA:14,0
DA:19,0
LF:5
LH:0
BRDA:9,0,0,0
BRDA:19,1,0,0
BRDA:19,1,1,0
BRDA:19,2,0,0
BRDA:19,2,1,0
BRF:5
BRH:0
end_of_record
TN:
SF:src/lib/spotify-auth.ts
FN:20,generateRandomString
FN:23,(anonymous_1)
FN:26,generatePKCE
FN:38,getAuthUrl
FN:52,exchangeCodeForTokens
FN:69,(anonymous_5)
FN:82,refreshAccessToken
FN:108,saveTokensToCookies
FN:118,clearSpotifyCookies
FN:125,getTokensFromCookies
FN:136,getValidAccessToken
FNF:11
FNH:0
FNDA:0,generateRandomString
FNDA:0,(anonymous_1)
FNDA:0,generatePKCE
FNDA:0,getAuthUrl
FNDA:0,exchangeCodeForTokens
FNDA:0,(anonymous_5)
FNDA:0,refreshAccessToken
FNDA:0,saveTokensToCookies
FNDA:0,clearSpotifyCookies
FNDA:0,getTokensFromCookies
FNDA:0,getValidAccessToken
DA:1,0
DA:3,0
DA:4,0
DA:6,0
DA:8,0
DA:16,0
DA:17,0
DA:18,0
DA:20,0
DA:21,0
DA:22,0
DA:23,0
DA:26,0
DA:27,0
DA:28,0
DA:29,0
DA:30,0
DA:31,0
DA:35,0
DA:38,0
DA:39,0
DA:49,0
DA:52,0
DA:53,0
DA:62,0
DA:68,0
DA:69,0
DA:70,0
DA:73,0
DA:82,0
DA:83,0
DA:90,0
DA:96,0
DA:97,0
DA:100,0
DA:108,0
DA:113,0
DA:114,0
DA:115,0
DA:118,0
DA:119,0
DA:120,0
DA:121,0
DA:122,0
DA:125,0
DA:126,0
DA:127,0
DA:128,0
DA:129,0
DA:130,0
DA:132,0
DA:136,0
DA:137,0
DA:138,0
DA:139,0
DA:140,0
LF:56
LH:0
BRDA:68,0,0,0
BRDA:68,0,1,0
BRDA:96,1,0,0
BRDA:96,1,1,0
BRDA:128,2,0,0
BRDA:128,2,1,0
BRDA:138,3,0,0
BRDA:138,3,1,0
BRDA:139,4,0,0
BRDA:139,4,1,0
BRF:10
BRH:0
end_of_record
TN:
SF:src/lib/spotify.ts
FN:55,fetchWithAuth
FN:61,getValidToken
FN:70,(anonymous_11)
FN:81,getSpotifyPlaylists
FN:112,getCurrentUserId
FN:119,getRefreshTokenFromCookies
FN:120,(anonymous_15)
FN:131,getPlaylistTracks
FN:145,(anonymous_17)
FN:151,(anonymous_18)
FN:158,(anonymous_19)
FN:163,getAllPlaylistTracks
FN:176,(anonymous_21)
FN:182,(anonymous_22)
FN:189,(anonymous_23)
FNF:15
FNH:8
FNDA:4,fetchWithAuth
FNDA:4,getValidToken
FNDA:0,(anonymous_11)
FNDA:0,getSpotifyPlaylists
FNDA:0,getCurrentUserId
FNDA:1,getRefreshTokenFromCookies
FNDA:1,(anonymous_15)
FNDA:0,getPlaylistTracks
FNDA:0,(anonymous_17)
FNDA:0,(anonymous_18)
FNDA:0,(anonymous_19)
FNDA:4,getAllPlaylistTracks
FNDA:6,(anonymous_21)
FNDA:6,(anonymous_22)
FNDA:6,(anonymous_23)
DA:1,1
DA:3,1
DA:56,4
DA:62,4
DA:63,4
DA:65,1
DA:66,1
DA:68,0
DA:69,0
DA:70,0
DA:75,0
DA:77,0
DA:81,1
DA:82,0
DA:83,0
DA:85,0
DA:86,0
DA:88,0
DA:89,0
DA:90,0
DA:91,0
DA:92,0
DA:94,0
DA:95,0
DA:96,0
DA:97,0
DA:107,0
DA:109,0
DA:113,0
DA:114,0
DA:115,0
DA:116,0
DA:120,1
DA:121,1
DA:122,1
DA:123,0
DA:124,0
DA:125,0
DA:127,0
DA:131,1
DA:132,0
DA:133,0
DA:135,0
DA:136,0
DA:137,0
DA:138,0
DA:139,0
DA:140,0
DA:142,0
DA:144,0
DA:146,0
DA:147,0
DA:148,0
DA:151,0
DA:158,0
DA:160,0
DA:163,1
DA:164,4
DA:165,4
DA:166,4
DA:168,4
DA:169,4
DA:171,3
DA:172,4
DA:173,4
DA:174,4
DA:175,4
DA:177,6
DA:178,6
DA:179,6
DA:182,6
DA:189,6
DA:190,4
DA:191,4
DA:193,3
LF:75
LH:31
BRDA:63,0,0,3
BRDA:63,0,1,1
BRDA:66,1,0,1
BRDA:66,1,1,0
BRDA:83,2,0,0
BRDA:83,2,1,0
BRDA:90,3,0,0
BRDA:90,3,1,0
BRDA:91,4,0,0
BRDA:91,4,1,0
BRDA:96,5,0,0
BRDA:96,5,1,0
BRDA:96,6,0,0
BRDA:96,6,1,0
BRDA:100,7,0,0
BRDA:100,7,1,0
BRDA:100,8,0,0
BRDA:100,8,1,0
BRDA:100,9,0,0
BRDA:100,9,1,0
BRDA:100,10,0,0
BRDA:100,10,1,0
BRDA:100,11,0,0
BRDA:100,11,1,0
BRDA:100,12,0,0
BRDA:100,12,1,0
BRDA:101,13,0,0
BRDA:101,13,1,0
BRDA:101,14,0,0
BRDA:101,14,1,0
BRDA:101,15,0,0
BRDA:101,15,1,0
BRDA:101,16,0,0
BRDA:101,16,1,0
BRDA:101,17,0,0
BRDA:101,17,1,0
BRDA:101,18,0,0
BRDA:101,18,1,0
BRDA:101,19,0,0
BRDA:101,19,1,0
BRDA:101,20,0,0
BRDA:101,20,1,0
BRDA:102,21,0,0
BRDA:102,21,1,0
BRDA:102,22,0,0
BRDA:102,22,1,0
BRDA:102,23,0,0
BRDA:102,23,1,0
BRDA:102,24,0,0
BRDA:102,24,1,0
BRDA:103,25,0,0
BRDA:103,25,1,0
BRDA:103,26,0,0
BRDA:103,26,1,0
BRDA:104,27,0,0
BRDA:104,27,1,0
BRDA:104,28,0,0
BRDA:104,28,1,0
BRDA:114,29,0,0
BRDA:114,29,1,0
BRDA:116,30,0,0
BRDA:116,30,1,0
BRDA:116,31,0,0
BRDA:116,31,1,0
BRDA:122,32,0,1
BRDA:122,32,1,0
BRDA:125,33,0,0
BRDA:125,33,1,0
BRDA:125,34,0,0
BRDA:125,34,1,0
BRDA:133,35,0,0
BRDA:133,35,1,0
BRDA:137,36,0,0
BRDA:137,36,1,0
BRDA:138,37,0,0
BRDA:138,37,1,0
BRDA:139,38,0,0
BRDA:139,38,1,0
BRDA:146,39,0,0
BRDA:146,39,1,0
BRDA:146,40,0,0
BRDA:146,40,1,0
BRDA:147,41,0,0
BRDA:147,41,1,0
BRDA:147,42,0,0
BRDA:147,42,1,0
BRDA:152,43,0,0
BRDA:152,43,1,0
BRDA:152,44,0,0
BRDA:152,44,1,0
BRDA:152,45,0,0
BRDA:152,45,1,0
BRDA:152,46,0,0
BRDA:152,46,1,0
BRDA:153,47,0,0
BRDA:153,47,1,0
BRDA:153,48,0,0
BRDA:153,48,1,0
BRDA:153,49,0,0
BRDA:153,49,1,0
BRDA:153,50,0,0
BRDA:153,50,1,0
BRDA:153,51,0,0
BRDA:153,51,1,0
BRDA:153,52,0,0
BRDA:153,52,1,0
BRDA:153,53,0,0
BRDA:153,53,1,0
BRDA:153,54,0,0
BRDA:153,54,1,0
BRDA:154,55,0,0
BRDA:154,55,1,0
BRDA:154,56,0,0
BRDA:154,56,1,0
BRDA:154,57,0,0
BRDA:154,57,1,0
BRDA:154,58,0,0
BRDA:154,58,1,0
BRDA:160,59,0,0
BRDA:160,59,1,0
BRDA:160,60,0,0
BRDA:160,60,1,0
BRDA:169,61,0,1
BRDA:169,61,1,3
BRDA:173,62,0,0
BRDA:173,62,1,4
BRDA:177,63,0,5
BRDA:177,63,1,1
BRDA:177,64,0,6
BRDA:177,64,1,6
BRDA:178,65,0,0
BRDA:178,65,1,6
BRDA:178,66,0,6
BRDA:178,66,1,6
BRDA:183,67,0,0
BRDA:183,67,1,6
BRDA:183,68,0,6
BRDA:183,68,1,6
BRDA:183,69,0,6
BRDA:183,69,1,0
BRDA:183,70,0,6
BRDA:183,70,1,6
BRDA:184,71,0,0
BRDA:184,71,1,6
BRDA:184,72,0,6
BRDA:184,72,1,6
BRDA:184,73,0,6
BRDA:184,73,1,0
BRDA:184,74,0,6
BRDA:184,74,1,6
BRDA:184,75,0,6
BRDA:184,75,1,0
BRDA:184,76,0,6
BRDA:184,76,1,6
BRDA:184,77,0,6
BRDA:184,77,1,0
BRDA:184,78,0,6
BRDA:184,78,1,6
BRDA:185,79,0,5
BRDA:185,79,1,1
BRDA:185,80,0,6
BRDA:185,80,1,5
BRDA:185,81,0,0
BRDA:185,81,1,6
BRDA:185,82,0,6
BRDA:185,82,1,6
BRDA:191,83,0,1
BRDA:191,83,1,3
BRDA:191,84,0,4
BRDA:191,84,1,1
BRF:170
BRH:43
end_of_record
TN:
SF:src/lib/tidal-auth.ts
FN:30,generateRandomString
FN:33,(anonymous_1)
FN:36,generatePKCE
FN:48,getUserAuthUrl
FN:61,exchangeCodeForUserTokens
FN:78,(anonymous_5)
FN:91,getAppToken
FN:126,saveUserTokensToCookies
FN:136,clearTidalUserCookies
FN:143,getUserTokensFromCookies
FN:154,getValidUserAccessToken
FN:165,refreshUserTokens
FN:203,tidalFetch
FNF:13
FNH:0
FNDA:0,generateRandomString
FNDA:0,(anonymous_1)
FNDA:0,generatePKCE
FNDA:0,getUserAuthUrl
FNDA:0,exchangeCodeForUserTokens
FNDA:0,(anonymous_5)
FNDA:0,getAppToken
FNDA:0,saveUserTokensToCookies
FNDA:0,clearTidalUserCookies
FNDA:0,getUserTokensFromCookies
FNDA:0,getValidUserAccessToken
FNDA:0,refreshUserTokens
FNDA:0,tidalFetch
DA:1,1
DA:3,1
DA:4,1
DA:5,1
DA:7,1
DA:9,1
DA:17,1
DA:25,1
DA:26,1
DA:27,1
DA:28,1
DA:30,1
DA:31,0
DA:32,0
DA:33,0
DA:36,1
DA:37,0
DA:38,0
DA:39,0
DA:40,0
DA:41,0
DA:45,0
DA:48,1
DA:49,0
DA:58,0
DA:61,1
DA:62,0
DA:71,0
DA:77,0
DA:78,0
DA:79,0
DA:82,0
DA:91,1
DA:93,0
DA:94,0
DA:95,0
DA:96,0
DA:97,0
DA:98,0
DA:103,0
DA:109,0
DA:115,0
DA:116,0
DA:117,0
DA:120,0
DA:121,0
DA:122,0
DA:123,0
DA:126,1
DA:131,0
DA:132,0
DA:133,0
DA:136,1
DA:137,0
DA:138,0
DA:139,0
DA:140,0
DA:143,1
DA:144,0
DA:145,0
DA:146,0
DA:147,0
DA:148,0
DA:150,0
DA:154,1
DA:155,0
DA:156,0
DA:157,0
DA:159,0
DA:161,0
DA:166,0
DA:172,0
DA:173,0
DA:179,0
DA:181,0
DA:182,0
DA:185,0
DA:191,0
DA:196,0
DA:197,0
DA:199,0
DA:203,1
DA:204,0
DA:208,0
DA:210,0
DA:214,0
DA:215,0
DA:216,0
DA:217,0
DA:219,0
LF:90
LH:21
BRDA:77,0,0,0
BRDA:77,0,1,0
BRDA:95,1,0,0
BRDA:95,1,1,0
BRDA:98,2,0,0
BRDA:98,2,1,0
BRDA:115,3,0,0
BRDA:115,3,1,0
BRDA:146,4,0,0
BRDA:146,4,1,0
BRDA:156,5,0,0
BRDA:156,5,1,0
BRDA:157,6,0,0
BRDA:157,6,1,0
BRDA:179,7,0,0
BRDA:179,7,1,0
BRDA:193,8,0,0
BRDA:193,8,1,0
BRDA:203,9,0,0
BRDA:204,10,0,0
BRDA:204,10,1,0
BRDA:208,11,0,0
BRDA:208,11,1,0
BRDA:214,12,0,0
BRDA:214,12,1,0
BRDA:215,13,0,0
BRDA:215,13,1,0
BRF:27
BRH:0
end_of_record
TN:
SF:src/lib/tidal-tools.ts
FN:56,searchByISRCTool
FN:112,searchByNameTool
FN:167,searchCandidatesTool
FNF:3
FNH:3
FNDA:8,searchByISRCTool
FNDA:9,searchByNameTool
FNDA:11,searchCandidatesTool
DA:12,1
DA:56,1
DA:58,8
DA:59,5
DA:61,3
DA:112,1
DA:113,9
DA:114,6
DA:116,3
DA:167,1
DA:172,11
DA:173,2
DA:175,9
DA:176,9
DA:177,9
DA:183,1
LF:16
LH:16
BRDA:58,0,0,5
BRDA:58,0,1,3
BRDA:58,1,0,8
BRDA:58,1,1,5
BRDA:58,1,2,5
BRDA:113,2,0,6
BRDA:113,2,1,3
BRDA:113,3,0,9
BRDA:113,3,1,6
BRDA:113,4,0,1
BRDA:113,4,1,8
BRDA:113,5,0,9
BRDA:113,5,1,8
BRDA:113,6,0,1
BRDA:113,6,1,5
BRDA:113,7,0,6
BRDA:113,7,1,5
BRDA:170,8,0,3
BRDA:172,9,0,2
BRDA:172,9,1,9
BRDA:172,10,0,11
BRDA:172,10,1,10
BRDA:172,11,0,0
BRDA:172,11,1,11
BRDA:172,12,0,11
BRDA:172,12,1,11
BRDA:172,13,0,0
BRDA:172,13,1,10
BRDA:172,14,0,10
BRDA:172,14,1,10
BRF:30
BRH:28
end_of_record
TN:
SF:src/lib/tidal.ts
FN:35,getUserToken
FN:39,extractArtist
FN:44,getTracksByIds
FN:57,(anonymous_3)
FN:57,(anonymous_4)
FN:60,(anonymous_5)
FN:69,searchText
FN:86,(anonymous_7)
FN:91,searchTrackByName
FN:100,searchTrackCandidates
FN:107,searchTrackByISRC
FN:130,(anonymous_11)
FN:135,searchTracksByISRC
FN:143,(anonymous_13)
FN:176,(anonymous_14)
FN:183,getCurrentUserId
FN:192,createPlaylist
FN:215,addTracksToPlaylist
FN:223,(anonymous_18)
FN:235,addTracksToPlaylistBatched
FN:248,(anonymous_20)
FNF:21
FNH:1
FNDA:0,getUserToken
FNDA:3,extractArtist
FNDA:0,getTracksByIds
FNDA:0,(anonymous_3)
FNDA:0,(anonymous_4)
FNDA:0,(anonymous_5)
FNDA:0,searchText
FNDA:0,(anonymous_7)
FNDA:0,searchTrackByName
FNDA:0,searchTrackCandidates
FNDA:0,searchTrackByISRC
FNDA:0,(anonymous_11)
FNDA:0,searchTracksByISRC
FNDA:0,(anonymous_13)
FNDA:0,(anonymous_14)
FNDA:0,getCurrentUserId
FNDA:0,createPlaylist
FNDA:0,addTracksToPlaylist
FNDA:0,(anonymous_18)
FNDA:0,addTracksToPlaylistBatched
FNDA:0,(anonymous_20)
DA:1,1
DA:3,1
DA:6,1
DA:33,1
DA:36,0
DA:39,1
DA:40,3
DA:45,0
DA:47,0
DA:48,0
DA:49,0
DA:50,0
DA:52,0
DA:56,0
DA:57,0
DA:60,0
DA:61,0
DA:62,0
DA:63,0
DA:64,0
DA:71,0
DA:72,0
DA:74,0
DA:78,0
DA:79,0
DA:80,0
DA:82,0
DA:85,0
DA:86,0
DA:87,0
DA:91,1
DA:92,0
DA:93,0
DA:95,0
DA:96,0
DA:100,1
DA:101,0
DA:102,0
DA:104,0
DA:107,1
DA:108,0
DA:109,0
DA:111,0
DA:112,0
DA:113,0
DA:116,0
DA:118,0
DA:120,0
DA:121,0
DA:122,0
DA:123,0
DA:130,0
DA:132,0
DA:135,1
DA:136,0
DA:137,0
DA:138,0
DA:141,0
DA:143,0
DA:144,0
DA:146,0
DA:147,0
DA:148,0
DA:149,0
DA:150,0
DA:152,0
DA:154,0
DA:155,0
DA:158,0
DA:159,0
DA:160,0
DA:161,0
DA:162,0
DA:163,0
DA:172,0
DA:175,0
DA:176,0
DA:180,0
DA:183,1
DA:184,0
DA:187,0
DA:188,0
DA:189,0
DA:192,1
DA:193,0
DA:207,0
DA:208,0
DA:209,0
DA:211,0
DA:212,0
DA:215,1
DA:216,0
DA:223,0
DA:227,0
DA:228,0
DA:229,0
DA:230,0
DA:232,0
DA:235,1
DA:236,0
DA:237,0
DA:239,0
DA:240,0
DA:241,0
DA:242,0
DA:243,0
DA:245,0
DA:247,0
DA:248,0
DA:251,0
LF:110
LH:14
BRDA:3,0,0,0
BRDA:3,0,1,1
BRDA:3,1,0,1
BRDA:3,1,1,1
BRDA:40,2,0,1
BRDA:40,2,1,2
BRDA:40,3,0,3
BRDA:40,3,1,3
BRDA:40,4,0,2
BRDA:40,4,1,1
BRDA:40,5,0,3
BRDA:40,5,1,3
BRDA:40,6,0,2
BRDA:40,6,1,1
BRDA:40,7,0,3
BRDA:40,7,1,3
BRDA:40,8,0,1
BRDA:40,8,1,2
BRDA:40,9,0,3
BRDA:40,9,1,3
BRDA:40,10,0,1
BRDA:40,10,1,2
BRDA:40,11,0,3
BRDA:40,11,1,3
BRDA:40,12,0,1
BRDA:40,12,1,2
BRDA:40,13,0,3
BRDA:40,13,1,3
BRDA:44,14,0,0
BRDA:45,15,0,0
BRDA:45,15,1,0
BRDA:49,16,0,0
BRDA:49,16,1,0
BRDA:49,17,0,0
BRDA:49,17,1,0
BRDA:50,18,0,0
BRDA:50,18,1,0
BRDA:57,19,0,0
BRDA:57,19,1,0
BRDA:57,20,0,0
BRDA:57,20,1,0
BRDA:57,21,0,0
BRDA:57,21,1,0
BRDA:57,22,0,0
BRDA:57,22,1,0
BRDA:57,23,0,0
BRDA:57,23,1,0
BRDA:57,24,0,0
BRDA:57,24,1,0
BRDA:60,25,0,0
BRDA:60,25,1,0
BRDA:60,26,0,0
BRDA:60,26,1,0
BRDA:61,27,0,0
BRDA:61,27,1,0
BRDA:61,28,0,0
BRDA:61,28,1,0
BRDA:61,29,0,0
BRDA:61,29,1,0
BRDA:61,30,0,0
BRDA:61,30,1,0
BRDA:61,31,0,0
BRDA:61,31,1,0
BRDA:61,32,0,0
BRDA:61,32,1,0
BRDA:62,33,0,0
BRDA:62,33,1,0
BRDA:62,34,0,0
BRDA:62,34,1,0
BRDA:62,35,0,0
BRDA:62,35,1,0
BRDA:62,36,0,0
BRDA:62,36,1,0
BRDA:63,37,0,0
BRDA:63,37,1,0
BRDA:63,38,0,0
BRDA:63,38,1,0
BRDA:63,39,0,0
BRDA:63,39,1,0
BRDA:63,40,0,0
BRDA:63,40,1,0
BRDA:64,41,0,0
BRDA:64,41,1,0
BRDA:64,42,0,0
BRDA:64,42,1,0
BRDA:64,43,0,0
BRDA:64,43,1,0
BRDA:64,44,0,0
BRDA:64,44,1,0
BRDA:69,45,0,0
BRDA:72,46,0,0
BRDA:72,46,1,0
BRDA:79,47,0,0
BRDA:79,47,1,0
BRDA:79,48,0,0
BRDA:79,48,1,0
BRDA:80,49,0,0
BRDA:80,49,1,0
BRDA:85,50,0,0
BRDA:85,50,1,0
BRDA:85,51,0,0
BRDA:85,51,1,0
BRDA:85,52,0,0
BRDA:85,52,1,0
BRDA:85,53,0,0
BRDA:85,53,1,0
BRDA:85,54,0,0
BRDA:85,54,1,0
BRDA:85,55,0,0
BRDA:85,55,1,0
BRDA:85,56,0,0
BRDA:85,56,1,0
BRDA:85,57,0,0
BRDA:85,57,1,0
BRDA:93,58,0,0
BRDA:93,58,1,0
BRDA:96,59,0,0
BRDA:96,59,1,0
BRDA:96,60,0,0
BRDA:96,60,1,0
BRDA:100,61,0,0
BRDA:102,62,0,0
BRDA:102,62,1,0
BRDA:109,63,0,0
BRDA:109,63,1,0
BRDA:116,64,0,0
BRDA:116,64,1,0
BRDA:116,65,0,0
BRDA:116,65,1,0
BRDA:118,66,0,0
BRDA:118,66,1,0
BRDA:121,67,0,0
BRDA:121,67,1,0
BRDA:121,68,0,0
BRDA:121,68,1,0
BRDA:122,69,0,0
BRDA:122,69,1,0
BRDA:125,70,0,0
BRDA:125,70,1,0
BRDA:125,71,0,0
BRDA:125,71,1,0
BRDA:125,72,0,0
BRDA:125,72,1,0
BRDA:125,73,0,0
BRDA:125,73,1,0
BRDA:135,74,0,0
BRDA:138,75,0,0
BRDA:138,75,1,0
BRDA:144,76,0,0
BRDA:144,76,1,0
BRDA:158,77,0,0
BRDA:158,77,1,0
BRDA:160,78,0,0
BRDA:160,78,1,0
BRDA:160,79,0,0
BRDA:160,79,1,0
BRDA:161,80,0,0
BRDA:161,80,1,0
BRDA:161,81,0,0
BRDA:161,81,1,0
BRDA:161,82,0,0
BRDA:161,82,1,0
BRDA:161,83,0,0
BRDA:161,83,1,0
BRDA:162,84,0,0
BRDA:162,84,1,0
BRDA:162,85,0,0
BRDA:162,85,1,0
BRDA:165,86,0,0
BRDA:165,86,1,0
BRDA:165,87,0,0
BRDA:165,87,1,0
BRDA:165,88,0,0
BRDA:165,88,1,0
BRDA:165,89,0,0
BRDA:165,89,1,0
BRDA:175,90,0,0
BRDA:175,90,1,0
BRDA:187,91,0,0
BRDA:187,91,1,0
BRDA:189,92,0,0
BRDA:189,92,1,0
BRDA:189,93,0,0
BRDA:189,93,1,0
BRDA:189,94,0,0
BRDA:189,94,1,0
BRDA:189,95,0,0
BRDA:189,95,1,0
BRDA:207,96,0,0
BRDA:207,96,1,0
BRDA:212,97,0,0
BRDA:212,97,1,0
BRDA:212,98,0,0
BRDA:212,98,1,0
BRDA:212,99,0,0
BRDA:212,99,1,0
BRDA:212,100,0,0
BRDA:212,100,1,0
BRDA:227,101,0,0
BRDA:227,101,1,0
BRDA:228,102,0,0
BRDA:228,102,1,0
BRDA:235,103,0,0
BRDA:242,104,0,0
BRDA:242,104,1,0
BRDA:247,105,0,0
BRDA:247,105,1,0
BRF:207
BRH:27
end_of_record
